Log started at 27.03.2024	01:30:27
Number of used processors (NPROC): 4.
Number of mesh partitions (NPART): 4.
Total Physical Memory = 15.99 Gb, Available Physical Memory = 9.41 Gb
Computer name:	ESLAMOTHMA8B71
Operating system:	Windows 11 (or higher) (Version 10.0.22621)

Commandline:	"C:\Program Files\SOLIDWORKS Corp\SOLIDWORKS Flow Simulation (2)\BINCFW\efdsolver.exe" /config:"\\Mac\Home\Downloads\OneDrive_2024-03-27\New Design\1\1.xmlconfig" /guid:ed7aac01-7288-4528-a4e7-bb152486cc13 /processors:4 /m /s /prjnamelm:"Flow Simulation 2023" /prjnamehabout:"Flow Simulation 2023" /companyname:"COSMOS Applications" /prjaliasid:1009 /lang:English /port:62883

SOLIDWORKS 2023 SP1.0
Flow Simulation 2023  x64 / 5863

Project: \\Mac\Home\Downloads\OneDrive_2024-03-27\New Design\1\1.xmlconfig
Configuration name: Default
Project name: Project(1)
Problem type: external-type
Exclude cavities without flow conditions: ON
NGK: OFF
MBO: OFF
-----------------------------------------------------------------------
Mesher option run = eRunMesherNormal
-----------------------------------------------------------------------

Mesh generation started:	27.3.2024	1:30:27
-----------------------------------------------------------------------
Memory Working Set Current = 45.73 Mb, Memory Working Set Peak = 45.73 Mb
Memory Private Bytes Current = 29.68 Mb, Memory Private Bytes Peak = 29.68 Mb
Process Threads Number: 7
-----------------------------------------------------------------------
Mesher adjust APD = OFF; AdjustAPD_method=0; N_per_Channel = 0; N2_per_Channel = 0
Current CPU = 0 sec
-----------------------------------------------------------------------
Geometries initialization:
-----------------------------------------------------------------------
Loading mesh settings (global/local)...
-----------------------------------------------------------------------
Number of geometries from DB: 1
Geometry(0):
	Guid = {00000000-0000-0000-0000-000000000000}
	Fluid..
	2 Bodies.
	1 Real body.
	-- Bodyset 0 --
		Tolerance=2.65634e-05.
		8666 Face(s).
			8666 of b-spline type.
		0 Face(s) that have no ref faces
		5467 Plane surface(s).
		1674 Cylinder surface(s).
		116 Cone surface(s).
		52 Sphere surface(s).
		403 Torus surface(s).
		144 B- surface(s).
		810 Extrude surface(s).
		156210 Triangle(s).
		Getting triangle connectivities from DB: 0.030 s
		22950 Edge(s).
			22950 of b-spline type.
		BodyGeom reading: 0.426 s.
		156056 Reference Triangles.
		Getting triangle connectivities from DB (Ref): 0.030 s
		BodyGeom Ref reading: 0.044 s.
Geometry(1):
	Solid.
	-- Bodyset 1 --
	Empty
-----------------------------------------------------------------------
Number of geometries in task: 2
	G : 0	Type: Fluid
	G : 1	Type: Solid
Number of bodysets   in task: 2
-----------------------------------------------------------------------
BodySet (0):
	Making hash and connectivity for Bodyset ...
		CBodyGeom:
		Hash size: {60, 70, 100}.
		Mesh size: {60, 70, 50}.
		Hashing triangles...Ok.
			axis(0) tr sizes: average=70 max=5414
			axis(1) tr sizes: average=68 max=2203
			axis(2) tr sizes: average=85 max=11349
		Number of t-connected sets:2 (cavity=0)
		CBodyGeomRef:
		Hashing triangles...Ok.
			axis(0) tr sizes: average=106 max=5434
			axis(1) tr sizes: average=106 max=2758
			axis(2) tr sizes: average=81 max=11221
	0.451 s.
Geometries reading and preparing has taken 1.070 s.
-----------------------------------------------------------------------
Mapped triangles:
Hashing rough geometry(bodies) triangulation:
BodySet (0):
	Triangles num=156210
	Triangles box={-0.0833526 ,0.140067 ,0.0571694 ,0.158768 ,0.0956189 ,0.197219}
		3d-hash size is 1709072 bytes
BodySet (1):
no log info (empty stream)

Mapped triangles processed in 0.339 s.
-----------------------------------------------------------------------
-----------------------------------------------------------------------
Getting sectors:
Number of sectors: 0
-----------------------------------------------------------------------
-----------------------------------------------------------------------
Bodies:     2
Faces:      8666
Edges:      22950
Triangles:  156210
-----------------------------------------------------------------------

Current CPU = 2 sec
-----------------------------------------------------------------------
Memory Working Set Current = 187.32 Mb, Memory Working Set Peak = 225.51 Mb
Memory Private Bytes Current = 176.66 Mb, Memory Private Bytes Peak = 215.34 Mb
Process Threads Number: 10
-----------------------------------------------------------------------
-----------------------------------------------------------------------
Checking faces on CD...
FCD = [0 0 0 0 0 0]
FCD_conflicts = 0
Time (check faces on CD)=0.002 s
-----------------------------------------------------------------------

-----------------------------------------------------------------------
Mesh dimensions:
				I[0 ]=60
				I[1 ]=70
				I[2 ]=50

Comp. domain size:
				a[0  ]=-0.388153
				a[1  ]=0.444867
				a[2  ]=-0.247632
				a[3  ]=0.666768
				a[4  ]=-0.209181
				a[5  ]=0.502019

Fluid calculated			1
Solid calculated			0
-----------------------------------------------------------------------
MESH Build started...
-----------------------------------------------------------------------
Mesh LEVEL = 1
-----------------------------------------------------------------------
-----------------------------------------------------------------------
CPT-mode xeps:
	D / dh / eps [axis=0] = (0.833019, 0.00496535, 4.96535e-06)
	D / dh / eps [axis=1] = (0.9144, 0.00488456, 4.88456e-06)
	D / dh / eps [axis=2] = (0.7112, 0.00461889, 4.61889e-06)
-----------------------------------------------------------------------
Initial allocation and brick-body-box intersection...OK (0.014 s)
Initial triangle brick intersection...OK (0.003 s)
Setting regions (210000 / 210000)...OK (0.002 s)
-----------------------------------------------------------------------
Base mesh info:
	3D task
	Nx=60
	Ny=70
	Nz=50
	N(Nx*Ny*Nz) = 4200
	Period    axis=[0, 0, 0]
	Symmetry  ni=[0 0 0 0 0 0]
	ZoomingBC ni=[0 0 0 0 0 0]
	Nx=60
		x[0]=-0.388153
		x[1]=-0.363734
		x[2]=-0.340513
		x[3]=-0.318424
		x[4]=-0.297412
		x[5]=-0.277423
		x[6]=-0.258409
		x[7]=-0.240321
		x[8]=-0.223115
		x[9]=-0.206748
		x[10]=-0.191178
		x[11]=-0.176367
		x[12]=-0.162278
		x[13]=-0.148875
		x[14]=-0.136126
		x[15]=-0.123998
		x[16]=-0.112461
		x[17]=-0.101486
		x[18]=-0.0910463
		x[19]=-0.0811153
		x[20]=-0.071163
		x[21]=-0.0612107
		x[22]=-0.0512583
		x[23]=-0.041306
		x[24]=-0.0313537
		x[25]=-0.0214014
		x[26]=-0.0114491
		x[27]=-0.00149673
		x[28]=0.00845559
		x[29]=0.0184079
		x[30]=0.0283602
		x[31]=0.0383126
		x[32]=0.0482649
		x[33]=0.0582172
		x[34]=0.0681695
		x[35]=0.0781218
		x[36]=0.0880742
		x[37]=0.0980265
		x[38]=0.107979
		x[39]=0.117931
		x[40]=0.127883
		x[41]=0.137836
		x[42]=0.147766
		x[43]=0.158206
		x[44]=0.169181
		x[45]=0.180718
		x[46]=0.192846
		x[47]=0.205595
		x[48]=0.218998
		x[49]=0.233087
		x[50]=0.247899
		x[51]=0.263469
		x[52]=0.279837
		x[53]=0.297044
		x[54]=0.315132
		x[55]=0.334147
		x[56]=0.354136
		x[57]=0.37515
		x[58]=0.39724
		x[59]=0.420462
		x[60]=0.444867
	Ny=70
		y[0]=-0.247632
		y[1]=-0.224299
		y[2]=-0.202103
		y[3]=-0.180984
		y[4]=-0.160888
		y[5]=-0.141766
		y[6]=-0.12357
		y[7]=-0.106257
		y[8]=-0.0897826
		y[9]=-0.0741067
		y[10]=-0.0591907
		y[11]=-0.0449976
		y[12]=-0.0314924
		y[13]=-0.0186417
		y[14]=-0.0064139
		y[15]=0.00522127
		y[16]=0.0162925
		y[17]=0.0268272
		y[18]=0.0368512
		y[19]=0.0470113
		y[20]=0.0571713
		y[21]=0.0673313
		y[22]=0.0774913
		y[23]=0.0876513
		y[24]=0.0978113
		y[25]=0.107971
		y[26]=0.11774
		y[27]=0.12751
		y[28]=0.137279
		y[29]=0.147048
		y[30]=0.156817
		y[31]=0.166587
		y[32]=0.176356
		y[33]=0.186125
		y[34]=0.195894
		y[35]=0.205663
		y[36]=0.215433
		y[37]=0.225202
		y[38]=0.234971
		y[39]=0.24474
		y[40]=0.25451
		y[41]=0.264279
		y[42]=0.274048
		y[43]=0.283817
		y[44]=0.293587
		y[45]=0.303356
		y[46]=0.313125
		y[47]=0.322894
		y[48]=0.332663
		y[49]=0.342433
		y[50]=0.352202
		y[51]=0.361971
		y[52]=0.371906
		y[53]=0.382343
		y[54]=0.393307
		y[55]=0.404823
		y[56]=0.416921
		y[57]=0.429629
		y[58]=0.442978
		y[59]=0.457001
		y[60]=0.471731
		y[61]=0.487205
		y[62]=0.50346
		y[63]=0.520534
		y[64]=0.538471
		y[65]=0.557312
		y[66]=0.577104
		y[67]=0.597894
		y[68]=0.619734
		y[69]=0.642676
		y[70]=0.666768
	Nz=50
		z[0]=-0.209181
		z[1]=-0.185785
		z[2]=-0.163512
		z[3]=-0.1423
		z[4]=-0.122102
		z[5]=-0.102867
		z[6]=-0.0845496
		z[7]=-0.0671065
		z[8]=-0.0504959
		z[9]=-0.0346779
		z[10]=-0.0196147
		z[11]=-0.0052703
		z[12]=0.00838959
		z[13]=0.0213976
		z[14]=0.033785
		z[15]=0.0455812
		z[16]=0.0568145
		z[17]=0.0675117
		z[18]=0.0776985
		z[19]=0.0873992
		z[20]=0.096637
		z[21]=0.106594
		z[22]=0.116551
		z[23]=0.126508
		z[24]=0.136464
		z[25]=0.146421
		z[26]=0.156378
		z[27]=0.166335
		z[28]=0.176292
		z[29]=0.186248
		z[30]=0.196205
		z[31]=0.205443
		z[32]=0.215144
		z[33]=0.225331
		z[34]=0.236029
		z[35]=0.247262
		z[36]=0.259059
		z[37]=0.271446
		z[38]=0.284455
		z[39]=0.298115
		z[40]=0.31246
		z[41]=0.327523
		z[42]=0.343341
		z[43]=0.359953
		z[44]=0.377396
		z[45]=0.395713
		z[46]=0.414949
		z[47]=0.435148
		z[48]=0.456359
		z[49]=0.478634
		z[50]=0.502019
-----------------------------------------------------------------------
Input_mesh_settings--------------------------------
Settings 0----------------
	Scope: GLOBAL
	Type:	------MESHER_SETTINGS----------
	RefAllCells           =0
	RefFluidCells         =0
	RefPartCells          =0
	RefSolidCells         =0
	l_SSFR(Capture crit)  =1
	l_curv(Curvature crit)=0
	l_tol(Tolerance crit) =0
	UseChannelRef         =1
	  NCR_method          =0
	  l_NCR               =1
	  N_gap               =10
	  Use d_NCR_min       =0
	  Use d_NCR_max       =0
	CloseThinSlotsHeight         =0
	--END_OF_MESHER_SETTINGS-------
End of input mesh settings-------------------------
-----------------------------------------------------------------------
Memory Working Set Current = 238.71 Mb, Memory Working Set Peak = 238.71 Mb
Memory Private Bytes Current = 234.84 Mb, Memory Private Bytes Peak = 234.84 Mb
Process Threads Number: 10
-----------------------------------------------------------------------
MMP (msh): locals=1, allc_sz=27.48 MB, used_sz=25.64 MB, blks-min-max=33/33
MMP (brx): locals=4, allc_sz=27.67 MB, used_sz=24.06 MB, blks-min-max=21/27
MMP (bcf): locals=0, allc_sz=0.00 MB, used_sz=0.00 MB, blks-min-max=0/0
MMP (xsl): locals=0, allc_sz=0.00 MB, used_sz=0.00 MB, blks-min-max=0/0
NxNyNz = [60, 70, 50]
base_dx=0.0137235; 
NxNyNz_reverse = [61, 67, 52]

-----------------------------------------------------------------------
Refining geometries:
-----------------------------------------------------------------------

-----------------------------------------------------------------------
Refining by triangulation...
Refinement input: 210000 bricks
	Checking crit (210000 / 210000)...376 marked (4.094 s)
	Time(refinement): 0.002 s
Setting regions (3008 / 212632)...OK (0.001 s)
	Checking crit (0 / 212632)...0 marked (0.001 s)
Refinement result (1 iterations): 212632 bricks (4.115 s)
Refinement input: 212632 bricks
	Checking crit (209624 / 212632)...0 marked (0.007 s)
Refinement result (0 iterations): 212632 bricks (0.007 s)
Collecting and processing rays:
	Adding rays...OK (0.027 s)
	new bricks = 212632 / 212632
	new rays   = 12086 (x=3905, y=3523, z=4658)
	Processing rays...
		Rays process:  0.065 (0.065) s
		Sort xstacks:  0.001 (0.001) s
		Put xstacks:   0.001 (0.001) s
		Total:         0.068 s
	Correcting rays...
		Lame vertices: 0.013 (0.049) s
		Bad rays:      0.001 (0.001) s
		Emit rays:     0.016 (0.022) s
		Correct ray f: 0.000 (0.000) s
		Undef:         0.000 (0.000) s
		Sum:           0.071 (0.071) s
		Total:         0.072 s
	Time (rays): 0.170 s
Capturing (212632 / 212632)...OK (0.012 s)
Refining by triangulation takes 4.306 s
-----------------------------------------------------------------------

-----------------------------------------------------------------------
Refining peculiar surfaces...
Collecting and processing rays:
	Adding rays...OK (0.000 s)
	new bricks = 0 / 212632
	new rays   = 0 (x=0, y=0, z=0)
	Processing rays...
		Rays process:  0.000 (0.000) s
		Sort xstacks:  0.000 (0.000) s
		Put xstacks:   0.000 (0.000) s
		Total:         0.000 s
	Correcting rays...
		Total:         0.000 s
	Time (rays): 0.002 s
Capturing (0 / 212632)...OK (0.001 s)
0 surfaces refined
Refining peculiar surfaces takes 0.003 s
-----------------------------------------------------------------------

-----------------------------------------------------------------------
Base mesh 1 Refining...
Collecting and processing rays:
	Adding rays...OK (0.000 s)
	new bricks = 0 / 212632
	new rays   = 0 (x=0, y=0, z=0)
	Processing rays...
		Rays process:  0.000 (0.000) s
		Sort xstacks:  0.000 (0.000) s
		Put xstacks:   0.000 (0.000) s
		Total:         0.000 s
	Correcting rays...
		Total:         0.000 s
	Time (rays): 0.001 s
Capturing (0 / 212632)...OK (0.001 s)
Refinement input: 212632 bricks
	Checking crit (209624 / 212632)...0 marked (0.002 s)
Refinement result (0 iterations): 212632 bricks (0.002 s)
-----------------------------------------------------------------------
Refining channels...
FYI: CNarrowChannelRefiner::RefineChannels_PRLL
Refinement input: 212632 bricks
	Time(refinement): 0.002 s
Setting regions (10792 / 222075)...OK (0.001 s)
Refinement result (1 iterations): 222075 bricks (0.018 s)
Collecting and processing rays:
	Adding rays...OK (0.001 s)
	new bricks = 10792 / 222075
	new rays   = 709 (x=7, y=305, z=397)
	Processing rays...
		Rays process:  0.004 (0.004) s
		Sort xstacks:  0.000 (0.000) s
		Put xstacks:   0.000 (0.000) s
		Total:         0.004 s
	Correcting rays...
		Lame vertices: 0.002 (0.007) s
		Bad rays:      0.000 (0.000) s
		Emit rays:     0.008 (0.008) s
		Correct ray f: 0.000 (0.000) s
		Undef:         0.000 (0.000) s
		Sum:           0.015 (0.015) s
		Total:         0.015 s
	Time (rays): 0.021 s
Capturing (10792 / 222075)...OK (0.002 s)
FYI: m_iteration_count = 0
FYI: level1 statistics:
     level1_cnt_plus[1]=10792;		level1_cnt_minus[1]=0
     level1_cnt_plus[2]=0;		level1_cnt_minus[2]=0
     level1_cnt_plus[3]=0;		level1_cnt_minus[3]=0
     level1_cnt_plus[4]=0;		level1_cnt_minus[4]=0
     level1_cnt_plus[5]=0;		level1_cnt_minus[5]=0
     level1_cnt_plus[6]=0;		level1_cnt_minus[6]=0
     level1_cnt_plus[7]=0;		level1_cnt_minus[7]=0
     level1_cnt_plus[8]=0;		level1_cnt_minus[8]=0
     level1_cnt_plus[9]=0;		level1_cnt_minus[9]=0
Refinement input: 222075 bricks
	Time(refinement): 0.000 s
Setting regions (48 / 222117)...OK (0.001 s)
Refinement result (1 iterations): 222117 bricks (0.017 s)
Collecting and processing rays:
	Adding rays...OK (0.000 s)
	new bricks = 48 / 222117
	new rays   = 0 (x=0, y=0, z=0)
	Processing rays...
		Rays process:  0.000 (0.000) s
		Sort xstacks:  0.000 (0.000) s
		Put xstacks:   0.000 (0.000) s
		Total:         0.000 s
	Correcting rays...
		Total:         0.000 s
	Time (rays): 0.001 s
Capturing (48 / 222117)...OK (0.001 s)
FYI: m_iteration_count = 1
FYI: level1 statistics:
     level1_cnt_plus[1]=10840;		level1_cnt_minus[1]=0
     level1_cnt_plus[2]=0;		level1_cnt_minus[2]=0
     level1_cnt_plus[3]=0;		level1_cnt_minus[3]=0
     level1_cnt_plus[4]=0;		level1_cnt_minus[4]=0
     level1_cnt_plus[5]=0;		level1_cnt_minus[5]=0
     level1_cnt_plus[6]=0;		level1_cnt_minus[6]=0
     level1_cnt_plus[7]=0;		level1_cnt_minus[7]=0
     level1_cnt_plus[8]=0;		level1_cnt_minus[8]=0
     level1_cnt_plus[9]=0;		level1_cnt_minus[9]=0
FYI: m_iteration_count = 2
FYI: level1 statistics:
     level1_cnt_plus[1]=10840;		level1_cnt_minus[1]=0
     level1_cnt_plus[2]=0;		level1_cnt_minus[2]=0
     level1_cnt_plus[3]=0;		level1_cnt_minus[3]=0
     level1_cnt_plus[4]=0;		level1_cnt_minus[4]=0
     level1_cnt_plus[5]=0;		level1_cnt_minus[5]=0
     level1_cnt_plus[6]=0;		level1_cnt_minus[6]=0
     level1_cnt_plus[7]=0;		level1_cnt_minus[7]=0
     level1_cnt_plus[8]=0;		level1_cnt_minus[8]=0
     level1_cnt_plus[9]=0;		level1_cnt_minus[9]=0
FYI: level1 statistics:
     level1_cnt_plus[1]=10840;		level1_cnt_minus[1]=0
     level1_cnt_plus[2]=0;		level1_cnt_minus[2]=0
     level1_cnt_plus[3]=0;		level1_cnt_minus[3]=0
     level1_cnt_plus[4]=0;		level1_cnt_minus[4]=0
     level1_cnt_plus[5]=0;		level1_cnt_minus[5]=0
     level1_cnt_plus[6]=0;		level1_cnt_minus[6]=0
     level1_cnt_plus[7]=0;		level1_cnt_minus[7]=0
     level1_cnt_plus[8]=0;		level1_cnt_minus[8]=0
     level1_cnt_plus[9]=0;		level1_cnt_minus[9]=0

-----------------------------------------------------------------------
U-shapes refinement...
Refinement input: 222117 bricks
	Checking crit (208269 / 222117)...0 marked (0.017 s)
Refinement result (0 iterations): 222117 bricks (0.018 s)
Collecting and processing rays:
	Adding rays...OK (0.000 s)
	new bricks = 0 / 222117
	new rays   = 0 (x=0, y=0, z=0)
	Processing rays...
		Rays process:  0.000 (0.000) s
		Sort xstacks:  0.000 (0.000) s
		Put xstacks:   0.000 (0.000) s
		Total:         0.000 s
	Correcting rays...
		Total:         0.000 s
	Time (rays): 0.001 s
Capturing (0 / 222117)...OK (0.001 s)
-----------------------------------------------------------------------

-----------------------------------------------------------------------
Equi Distant Refiner:
Equi Distant Refiner takes 0.00 s
-----------------------------------------------------------------------

/-Ray Intersection---------------/ Time	0.300 s
Calls                12795
CorrectRay Calls     0



-----------------------------------------------------------------------
Refining geometries takes 6.327 s
-----------------------------------------------------------------------
-----------------------------------------------------------------------
Memory Working Set Current = 256.11 Mb, Memory Working Set Peak = 264.66 Mb
Memory Private Bytes Current = 251.19 Mb, Memory Private Bytes Peak = 259.32 Mb
Process Threads Number: 10
-----------------------------------------------------------------------
Defect ray count	0
FYI: CNarrowChannelRefiner::RedistributeLevel1_step_1: is started
FYI: CNarrowChannelRefiner::RedistributeLevel1_step_1: is finished (0.002 s)
FYI: level1 statistics:
     level1_cnt_plus[1]=10840;		level1_cnt_minus[1]=0
     level1_cnt_plus[2]=0;		level1_cnt_minus[2]=0
     level1_cnt_plus[3]=0;		level1_cnt_minus[3]=0
     level1_cnt_plus[4]=0;		level1_cnt_minus[4]=0
     level1_cnt_plus[5]=0;		level1_cnt_minus[5]=0
     level1_cnt_plus[6]=0;		level1_cnt_minus[6]=0
     level1_cnt_plus[7]=0;		level1_cnt_minus[7]=0
     level1_cnt_plus[8]=0;		level1_cnt_minus[8]=0
     level1_cnt_plus[9]=0;		level1_cnt_minus[9]=0
FYI: CNarrowChannelRefiner::RedistributeLevel1_step_2: is started
FYI: CNarrowChannelRefiner::RedistributeLevel1_step_2: is finished (1.776 s)
FYI: level1 statistics:
     level1_cnt_plus[1]=12894;		level1_cnt_minus[1]=0
     level1_cnt_plus[2]=0;		level1_cnt_minus[2]=0
     level1_cnt_plus[3]=0;		level1_cnt_minus[3]=0
     level1_cnt_plus[4]=0;		level1_cnt_minus[4]=0
     level1_cnt_plus[5]=0;		level1_cnt_minus[5]=0
     level1_cnt_plus[6]=0;		level1_cnt_minus[6]=0
     level1_cnt_plus[7]=0;		level1_cnt_minus[7]=0
     level1_cnt_plus[8]=0;		level1_cnt_minus[8]=0
     level1_cnt_plus[9]=0;		level1_cnt_minus[9]=0
FYI: CNarrowChannelRefiner::RedistributeLevel1_step_3: is started
FYI: CNarrowChannelRefiner::RedistributeLevel1_step_3: is finished (0.015 s)
RedistributeLevel1 takes:
FYI: level1 statistics:
     level1_cnt_plus[1]=12894;		level1_cnt_minus[1]=637
     level1_cnt_plus[2]=0;		level1_cnt_minus[2]=0
     level1_cnt_plus[3]=0;		level1_cnt_minus[3]=0
     level1_cnt_plus[4]=0;		level1_cnt_minus[4]=0
     level1_cnt_plus[5]=0;		level1_cnt_minus[5]=0
     level1_cnt_plus[6]=0;		level1_cnt_minus[6]=0
     level1_cnt_plus[7]=0;		level1_cnt_minus[7]=0
     level1_cnt_plus[8]=0;		level1_cnt_minus[8]=0
     level1_cnt_plus[9]=0;		level1_cnt_minus[9]=0
-----------------------------------------------------------------------
MSH format builder (Iteration 0)
-----------------------------------------------------------------------
Memory Working Set Current = 264.60 Mb, Memory Working Set Peak = 280.33 Mb
Memory Private Bytes Current = 260.88 Mb, Memory Private Bytes Peak = 274.45 Mb
Process Threads Number: 10
-----------------------------------------------------------------------
Total bricks count: 222117
-----------------------------------------------------------------------
MSH (Real Geometry) format constructor:
	Geom    Count = 2
	Bodyset Count = 2
	3D task
	Getting brick sets...OK (0.020 s)

	Min x-stack xeps = 3.00116e-09
	D / dh / eps [axis=0] = (0.833019, 0.00496535, 1.00039e-09)
	D / dh / eps [axis=1] = (0.9144, 0.00488456, 1.00039e-09)
	D / dh / eps [axis=2] = (0.7112, 0.0049784, 1.00039e-09)
	Time (xeps): 0.003 s
Level 1
	Set (0)  size: 6924
	Set (0)  time: 1.303 s
	Set (1)  size: 6924
	Set (1)  time: 0.231 s
Level 0
	Set (0)  size: 104135
	Set (0)  time: 0.078 s
	Set (1)  size: 104134
	Set (1)  time: 0.078 s

	Spread npq bricks...71 marked (0.003 s)

Result:
	Bricks number:                        222117

	Memory usage:                         7.215 MB
	Memory usage (per brick):             0.033 KB
	Construction time:                    1.718 s

	Topology features:
	------------------
	- High quality bricks                   99.89 % (221883)
	- Medium quality bricks                  0.11 % (234)
	- Bad quality bricks                     0.00 % (0)
	- NPQ bricks                             0.14 % (301)
	- Type-1 bricks                          3.48 % (7723)
	- Ribs corrected bricks                  0.00 % (0)
	- Points with geom-info (bricks)         0.14 % (309)
	- Points with closest-info (bricks)      0.00 % (0)
	- Triangulated by center (bricks)        0.13 % (283)
	- Facet w-faces mergings (bricks)        0.00 % (0)
	- To refine (bricks)                     0.00 % (0)
	- Points-count                           0.00 % (0)
	- T-self-intersection-all (bricks)       0.00 % (0)
	- T-self-intersection-simple (bricks)    0.00 % (0)
	- T-self-intersection-complex (bricks)   0.00 % (0)
	- NPQ by reason 1 u-shape                0.01 % (18)
	- NPQ by reason 2 tri-by-ctr             0.02 % (42)
	- NPQ by reason 3 ray-correction         0.00 % (0)
	- NPQ by reason 4 t-self-intersection    0.00 % (0)
	- NPQ by reason 5 non-good               0.11 % (234)
	- NPQ by reason 6 npq-worker             0.00 % (0)

-----------------------------------------------------------------------
Memory Working Set Current = 322.28 Mb, Memory Working Set Peak = 322.28 Mb
Memory Private Bytes Current = 312.59 Mb, Memory Private Bytes Peak = 312.63 Mb
Process Threads Number: 10
-----------------------------------------------------------------------
-----------------------------------------------------------------------
msh-iterations: 1
-----------------------------------------------------------------------
high---q-brick-count =  99.89 % (222117 221883)
medium-q-brick-count =   0.11 % (222117 234)
bad----q-brick-count =   0.00 % (222117 0)
np-----q-brick-count =   0.17 % (222117 372)
-----------------------------------------------------------------------
Free brick parser storage...OK(0.012 s)
-----------------------------------------------------------------------
Memory Working Set Current = 305.63 Mb, Memory Working Set Peak = 322.39 Mb
Memory Private Bytes Current = 299.77 Mb, Memory Private Bytes Peak = 313.59 Mb
Process Threads Number: 10
-----------------------------------------------------------------------
-----------------------------------------------------------------------
MSH --> BCF format (Iteration 0)...
BCF collector...(remove mode=0)
	Time (alloc counter per brick): 0.004 s
	Brick    count: 222117
	Av.f all count: 222190
	Av.s all count: 8596
	Av.f pid count: 8413
	Av.s pid count: 7979
	Faces fs count: 18360
	Faces ff count: 0
	Faces ss count: 0
	Faces bb count: 0
	Faces fe count: 21400
	Faces se count: 0
	Faces fw count: 39760
	Faces af count: 652799
	Faces as count: 22880
	Time (all count): 	0.018 s
	Time (bcf alloc): 	0.002 s
	Time (shifts alloc): 	0.027 s
	Time (shifts init): 	0.027 s
	Time (bcf fill): 	0.036 s
	Time (add av to faces): 0.002 s
	Time (add faces to av): 0.019 s
Time (bcf collect): 		0.117 s
	AV checker...
		Hole marker...
			Subdomains:               1.
			Subdomains (cond):        6.
			Time (sd):      0.049 s.
			Time (sd_cond): 0.057 s.
			Time (potential-hole marking): 	0.002 s
			Time (hole checking): 0.000 s.
			0 av(s) are marked to fill subdomain holes.
		Time (hole marker): 0.117 s.
	Time (check av): 	0.211 s
	Subdomain checker...
		Subdomains construction time: 0.051 s.
		Subdomains sort time: 0.000 s.
			Subdomain 0 (geom_ind=0): 222190 av
			Subdomain 1 (geom_ind=1): 8508 av
			Subdomain 2 (geom_ind=1): 64 av
			Subdomain 3 (geom_ind=1): 16 av
			Subdomain 4 (geom_ind=1): 4 av
			Subdomain 5 (geom_ind=1): 4 av
		gi: 0, real bodies: 1
		gi: 0, subdomains:  1
		gi: 1, real bodies: 0
		gi: 1, subdomains:  5
		Defect subdomains: 0
	Time (check subdoms): 	0.057 s
Time (bcf iteration total): 	0.386 s
	Time (fw-nb): 		0.006 s
	Fixed mutual fw-nb:     11796 (bb: 0)
	Time (fw-nb mutual): 	0.005 s
	Time (fw-nb sort): 	0.002 s
	Fw-opt BEFORE total:    39760 (fs=18360, ff=0, ss=0)
	Fw-opt AFTER  total:    37254 (fs=15854, ff=0, ss=0, failed fw/br=144/12, big_curv=468, big_poly=15)
	Fw-opt RESULT:          2506 (res/(fs+ff+ss) = 13.65 %)
	Time (fw-opt): 		0.016 s
	Time (fw-re-order): 	0.004 s
	Time (fw-nb): 		0.027 s
	Fixed mutual fw-nb:     73575 (bb: 0)
	Time (fw-nb mutual): 	0.007 s
	Time (fw-nb sort): 	0.002 s
	Time (rfd fix): 	0.001 s
	Time (av convexity): 	0.006 s
	Time (av small volume): 0.002 s
	Time (diagonal fw-nb): 	0.082 s
	Fixed mutual fw-nb:     0 (bb: 0)
	Time (fw-nb mutual): 	0.005 s
	Time (fw-nb sort): 	0.003 s
	Fluid subdomains: 1
	Faces fw-nb diff sd:    0
	Time (fw-nb diff sd): 	0.054 s
Time (bcf calc): 		0.231 s
-----------------------------------------------------------------------
Time (bcf total): 		0.618 s
-----------------------------------------------------------------------
bcf-iterations: 1
-----------------------------------------------------------------------
-----------------------------------------------------------------------
Mega-cv constructor for fluid...
	 70 av's is treated as thin
Relative size generator (threshold = 0.05)...
	Iteration 1 (small cluster count = 960)
	Iteration 2 (small cluster count = 533)
	Iteration 3 (small cluster count = 236)
	Iteration 4 (small cluster count = 112)
	Iteration 5 (small cluster count = 39)
	Iteration 6 (small cluster count = 13)
	Iteration 7 (small cluster count = 4)
	Iteration 8 (small cluster count = 1)
	Iteration 9 (small cluster count = 0)
	 754 mega-cv's generated
	 57 mega-cv's removed
Relative size generator is completed OK (0.037 s)
Apply fa-rules to mega-cv clusters fixes...
	Fa-rule violation fixes:       53 of       53 (total cluster# =      705)
OK (0.007 s)
There are 44 clusters with nbrs connected in more than one axis
Convert clusters:
	 700 mega-cv's total
Mega-cv count: 700
Time (mega-cv fill): 	0.005 s
Time (mega-cv total): 	0.096 s
-----------------------------------------------------------------------
Mixing plane rotation regions: NO.
Sliding mesh rotation regions: NO.
Fluid/fluid faces: NO.
-----------------------------------------------------------------------
Memory Working Set Current = 366.31 Mb, Memory Working Set Peak = 403.70 Mb
Memory Private Bytes Current = 394.54 Mb, Memory Private Bytes Peak = 401.45 Mb
Process Threads Number: 10
-----------------------------------------------------------------------
----------------------------------------------------------
BCF --> BCF.GEOMSUBDOM (bridge arrays):
MESH (0):
	Fluid Subdom Constructor: 1 subdom(s).
	Solid Subdom Constructor: 5 subdom(s).
	Net Asm Subdom Constructor: 0 subdom(s).
	GEOMSUBDOM (0): gi=0 Fluid av=222190 cv=221263 fa=652799 fb=0 fw=37254 V=5.411346e-01
	Cache data...OK
	GEOMSUBDOM (1): gi=1 Solid av=8508 cv=8508 fa=22722 fb=0 fw=15501 V=5.951377e-04
	Cache data...OK
	GEOMSUBDOM (2): gi=1 Solid av=4 cv=4 fa=4 fb=0 fw=24 V=8.558487e-15
	Cache data...OK
	GEOMSUBDOM (3): gi=1 Solid av=4 cv=4 fa=4 fb=0 fw=20 V=2.350374e-15
	Cache data...OK
	GEOMSUBDOM (4): gi=1 Solid av=64 cv=64 fa=128 fb=0 fw=189 V=5.063198e-07
	Cache data...OK
	GEOMSUBDOM (5): gi=1 Solid av=16 cv=16 fa=22 fb=0 fw=120 V=4.820866e-10
	Cache data...OK
	Setting nb of w-faces...OK (0.017 s).
	Correcting nb of w-faces...
	Time(correct_fw_nb)=0.011 s

MESH (0) checking:
	GEOMSUBDOM (0):fa_s=116.7396617765946871 fb_s=0.0000000000000000 fw_s=4.2041747466991692 fw_nb=324656
	              :d_const(67344)=6.0604e-11 d_linear(32175)=2.62867e-10
	GEOMSUBDOM (1):fa_s=0.3460258140362547 fb_s=0.0000000000000000 fw_s=0.1941666784636286 fw_nb=149346
	              :d_const(7763)=4.01593e-10 d_linear(4003)=3.55293e-09
	GEOMSUBDOM (2):fa_s=0.0000000101341915 fb_s=0.0000000000000000 fw_s=0.0000000143319341 fw_nb=312
	              :d_const(2)=8.12918e-17 d_linear(2)=3.65152e-12
	GEOMSUBDOM (3):fa_s=0.0000000042816959 fb_s=0.0000000000000000 fw_s=0.0000000060552422 fw_nb=232
	              :d_const(1)=7.65062e-17 d_linear(0)=3.37084e-11
	GEOMSUBDOM (4):fa_s=0.0005391455650603 fb_s=0.0000000000000000 fw_s=0.0008393466044186 fw_nb=1934
	              :d_const(0)=6.63475e-14 d_linear(24)=6.67894e-13
	GEOMSUBDOM (5):fa_s=0.0001067185284665 fb_s=0.0000000000000000 fw_s=0.0002132250873661 fw_nb=1656
	              :d_const(15)=1.43348e-16 d_linear(2)=6.29758e-12
MESH (0) checking: OK.
Time (MDS): 	0.314 s
----------------------------------------------------------
-----------------------------------------------------------------------
Memory Working Set Current = 441.30 Mb, Memory Working Set Peak = 441.30 Mb
Memory Private Bytes Current = 468.46 Mb, Memory Private Bytes Peak = 468.50 Mb
Process Threads Number: 10
-----------------------------------------------------------------------

-----------------------------------------------------------------------
BCF CHECKSUM DATA (Mesh 0):

BRICK |Level1| Sum:               13531
FACE_A Area Sum:   G.Fluid        116.7396617765944882
FACE_A Area Sum:   G.Solid        0.3466716925456690
FACE_W Area Sum:                  4.2041747466991701
FACE_W Nb   Sum:                  324656
FACE_W min curvatures sum:        -2340939.64767296
FACE_W max curvatures sum:        704031.55216529
AV Max Disbalance(Const) :        1.86642e-09 (cid=85669, t={51, 48, 40}, avid=85679, pid=347)
AV Max Disbalance(Linear):        1.96303e-08 (cid=134827, t={51, 48, 59}, avid=134959, pid=7795)
-----------------------------------------------------------------------


-----------------------------------------------------------------------
MESHER TOPOLOGY DATA:

BRICKS: Total                 222117
BRICKS: Fluid                 221500
BRICKS: Fluid Partial         7723
BRICKS: Type 1                7723
BRICKS: Max AV number         7

AV:     G.Total               230786
AV:     G.Fluid               222190
AV:     G.Solid               8596

AV:     G.Fluid Thin Profile    0.10 % (227)
AV:     G.Solid Thin Profile    7.42 % (638)

AV:     G.Fluid Thin For Mega   0.03 % (70)
AV:     G.Solid Thin For Mega   3.79 % (326)

AV:     G.Fluid Non-Convex      0.83 % (1837)
AV:     G.Solid Non-Convex     21.84 % (1877)

AV:     G.Fluid Non-Ess-Convex      0.67 % (1483)
AV:     G.Solid Non-Ess-Convex     19.46 % (1673)

FACE_A: G.Fluid          (af) 652799 (partially opened 17337)
FACE_A: G.Solid          (as) 22880 (partially opened 17048)

FACE_B: G.Total          (b)  0

FACE_W: G.Total                 37254       Brick/Bound
FACE_W: G.Fluid/Solid    (fs_g) 15854       0           
FACE_W: G.Fluid/Fluid    (ff_g) 0           0           
FACE_W: G.Solid/Solid    (ss_g) 0           0           
FACE_W: G.Fluid/Void     (fv_g) 0           0           
FACE_W: G.Fluid/External (fe_g) 21400
FACE_W: G.Solid/External (se_g) 0

AV/CV max fa count (on brick side):6
AV/CV max fw count:                6
AV/CV max fb count:                0
AV/CV max fw poly count:           55

MEMORY: Total                   68.325 MB
MEMORY: Per Brick               0.315 KB
-----------------------------------------------------------------------

-----------------------------------------------------------------------
Connectivities information:
	Number of conns: 0
-----------------------------------------------------------------------
	Time (gap size): 	0.168 s
-----------------------------------------------------------------------
Memory Working Set Current = 444.98 Mb, Memory Working Set Peak = 444.98 Mb
Memory Private Bytes Current = 471.97 Mb, Memory Private Bytes Peak = 471.97 Mb
Process Threads Number: 10
-----------------------------------------------------------------------
-----------------------------------------------------------------------
Calculating curvature and tolerance criteria...
Curvature: min=0 (cid=0) max=3.14159 (cid=85504)
Tolerance: min=0 (cid=0) max=0.00514791 (cid=95992)
Calculating curvature and tolerance criteria takes 5.472 s
-----------------------------------------------------------------------
MESH Build(FS) finished. Time=16.719 s
-----------------------------------------------------------------------
Current CPU = 19 sec

Nx=60
Ny=70
Nz=50
Max BRICK Level=1
Mesh Level=1
-----------------CModelBodies2MeshMapper::CollectData started -------------------------------
	Time (collect mesh base data): 0.017 s.
	Time (collect model bodies mapping): 0.001 s.
	Time (collect positive bodies mapping): 0.002 s.
	Time (collect fluid bodies mapping): 0.002 s.
-----------------CModelBodies2MeshMapper Report -------------------------------
FluidDomains 1 SolidDomains 5 VoidDomains 0 
Domains RefIndexes
----------------- -------------------------------
	ModelBodies
Total resolved Bodies 0 BodySets 0

--------------------------------------------------------------------------
	Positive geometry Bodies
Total resolved Bodies 1 BodySets 1
BodySet 0
	Bodies list:
			#0	Name: ;	ID: 0e905bd5-6a99-4bee-9071-0d320bb8cfec
	Domains list:mesh type	 (0, 1)		 0 


--------------------------------------------------------------------------
	Fluid regions
Total resolved Bodies 1 BodySets 1
BodySet 0	Material: Air; 
	Bodies list:
			#0	Name: ;	ID: 0e905bd5-6a99-4bee-9071-0d320bb8cfec
	Domains list:mesh type	 (0, 1)		 0 


--------------------------------------------------------------------------
Collect data takes...0.023 s
-----------------CModelBodies2MeshMapper::CollectData finished successfully-------------------
Saving initial mesh in: \\Mac\Home\Downloads\OneDrive_2024-03-27\New Design\1\1.fld .
Storing results...
	Estimated CPT size=26.381 MB.
	Time (write bcf): 1.016 s
Storing results takes 1.035 s
-----------------------------------------------------------------------
Memory Working Set Current = 447.43 Mb, Memory Working Set Peak = 447.43 Mb
Memory Private Bytes Current = 474.36 Mb, Memory Private Bytes Peak = 474.36 Mb
Process Threads Number: 10
-----------------------------------------------------------------------
Cleaning memory...
-----------------------------------------------------------------------
Start to free mesher data...
MMP (msh): locals=4, allc_sz=28.89 MB, used_sz=27.33 MB, blks-min-max=10/33
MMP (brx): locals=4, allc_sz=37.90 MB, used_sz=34.29 MB, blks-min-max=25/28
MMP (bcf): locals=4, allc_sz=104.83 MB, used_sz=99.67 MB, blks-min-max=25/46
MMP (xsl): locals=4, allc_sz=0.40 MB, used_sz=0.35 MB, blks-min-max=4/5
Free xsl...            OK	Time=0.001 s
Free ray collector...  OK	Time=0.000 s
Free ray intersector...OK	Time=0.000 s
Free body sets...      OK	Time=0.034 s
Free Geometry DB takes 0.000 s
Free mesh conn...      OK	Time=0.000 s
Free geomsd...         OK	Time=0.001 s
Free mbricks...        OK	Time=0.001 s
Free hash info...      OK	Time=0.001 s
Free bricks-x...       OK	Time=0.001 s
Free bcf...            OK	Time=0.004 s
Free mesh h...         OK	Time=0.000 s
Free bricks arr..      OK	Time=0.000 s
Free bricks tree...    OK	Time=0.000 s
Free mesh pools...     OK	Time=0.010 s
Free bodies mapper...  OK	Time=0.000 s
Free geom crits...     OK	Time=0.000 s
Free cpt regions...    OK	Time=0.000 s
Free peculiar surfs... OK	Time=0.000 s
Free sw-geometries...  OK	Time=0.000 s
Total free mesher data time: 0.057 s
-----------------------------------------------------------------------
Copying... OK
CPT size=8.551 MB (8966723 bytes).
Mesh generation normally finished at	27.3.2024	1:30:47
Mesher CPU = 20 sec
Mesher is finished at	27.3.2024	1:30:47
-----------------------------------------------------------------------
Memory Working Set Current = 153.99 Mb, Memory Working Set Peak = 447.45 Mb
Memory Private Bytes Current = 169.07 Mb, Memory Private Bytes Peak = 474.36 Mb
Process Threads Number: 10
-----------------------------------------------------------------------
Algebra Pool      : mem_usage = 5.50 Mb, allocated count = 0
-----------------------------------------------------------------------
Memory Working Set Current = 148.69 Mb, Memory Working Set Peak = 447.45 Mb
Memory Private Bytes Current = 163.64 Mb, Memory Private Bytes Peak = 474.36 Mb
Process Threads Number: 10
Process Threads Number Peak: 10
-----------------------------------------------------------------------
Log ended at 27.03.2024	01:30:47
