Log started at 27.03.2024	01:30:47
Number of used processors (NPROC): 4.
Number of mesh partitions (NPART): 4.
Computer name:	ESLAMOTHMA8B71
Operating system:	Windows 11 (or higher) (Version 10.0.22621)
Commandline:	"C:\Program Files\SOLIDWORKS Corp\SOLIDWORKS Flow Simulation (2)\BINCFW\efdsolver.exe" /config:"\\Mac\Home\Downloads\OneDrive_2024-03-27\New Design\1\1.xmlconfig" /guid:ed7aac01-7288-4528-a4e7-bb152486cc13 /processors:4 /m /s /prjnamelm:"Flow Simulation 2023" /prjnamehabout:"Flow Simulation 2023" /companyname:"COSMOS Applications" /prjaliasid:1009 /lang:English /port:62883
Total Physical Memory = 15.99 Gb, Available Physical Memory = 9.31 Gb
-----------------------------------------------------------------------
Memory Working Set Current = 84.30 Mb, Memory Working Set Peak = 447.45 Mb
Memory Private Bytes Current = 96.45 Mb, Memory Private Bytes Peak = 474.36 Mb
Process Threads Number: 8
-----------------------------------------------------------------------
CPU:	AuthenticAMD, Stepping ID = 10, Model = 4, Family = 15, MMX SSE SSE2 Hyper-Threading Technology SSE3
CPU Brand String:                           Virtual CPU @ 3.20GHz
Cache Line Size = 64, L2 Associativity = 6, Cache Size = 512K
Number of cores: 4, Processor type: 8664, Active processor mask: 15, Page size: 4096 bites
Package 0 [ ProcessorGroup 0 [ 0 ] ]
Package 1 [ ProcessorGroup 0 [ 1 ] ]
Package 2 [ ProcessorGroup 0 [ 2 ] ]
Package 3 [ ProcessorGroup 0 [ 3 ] ]
NUMA Node 0: Available Memory = 9.30 Gb. ProcessorGroup 0 [ 0 1 2 3 ]
std::thread::hardware_concurrency = 4
No NUMA support
OpenMP enabled (spec=200203). max_threads = 4, num_procs = 4.

SOLIDWORKS 2023 SP1.0
\\Mac\Home\Downloads\OneDrive_2024-03-27\New Design\1\1.fld
Configuration name:	Default
Project name:	Project(1)
/*******************************************/
/*         Project Summary                 */
/*******************************************/
Analysis type:						CFD
Problem type:						external
Result resolution:					5
Minimum gap size:					0.1016
Minimum wall thickness:				0.1016
Manual refinement:					Off
Fluid substances count				1

		Advanced capabilities
Heat transfer						Off
Transient						Off
Gravitation						Off
Laminar flow						Off
Compressibility					Off
Default wall condition				adiabatic wall
Roughness:						0

************************************************
Flow Simulation 2023  x64 / 5863 / SOLVER ver. efd_dev.5608_04.02.2022+HMN_Inlet_Rework_V1+HMN_Inlet_Rework_V2 
BRANCH: git--efd_2205.5863_17.10.2022



STATIONARY


LAM-BREMHORST K-EPSILON TURBULENCE MODEL
EXTERNAL=1  CHT=0  FROZEN=0  RADIATION=0  HVAC_COMFORT_PARAMETERS=0
Solver mode: normal
Memory Status before reading BCF:
-----------------------------------------------------------------------
Memory Working Set Current = 88.21 Mb, Memory Working Set Peak = 447.45 Mb
Memory Private Bytes Current = 99.93 Mb, Memory Private Bytes Peak = 474.36 Mb
Process Threads Number: 11
-----------------------------------------------------------------------

-----------------------------------------------------------------------
BCF CHECKSUM DATA (Mesh 0):

BRICK |Level1| Sum:               0
FACE_A Area Sum:   G.Fluid        116.7396617765944882
FACE_A Area Sum:   G.Solid        0.3466716925456690
FACE_W Area Sum:                  4.2041747466991701
FACE_W Nb   Sum:                  324656
FACE_W min curvatures sum:        -2340939.64767296
FACE_W max curvatures sum:        704031.55216529
AV Max Disbalance(Const) :        1.86642e-09 (cid=85669, t={51, 48, 40}, avid=85679, pid=347)
AV Max Disbalance(Linear):        1.96303e-08 (cid=134827, t={51, 48, 59}, avid=134959, pid=7795)
-----------------------------------------------------------------------


-----------------------------------------------------------------------
MESHER TOPOLOGY DATA:

BRICKS: Total                 222117
BRICKS: Fluid                 221500
BRICKS: Fluid Partial         7723
BRICKS: Type 1                7723
BRICKS: Max AV number         7

AV:     G.Total               230786
AV:     G.Fluid               222190
AV:     G.Solid               8596

AV:     G.Fluid Thin Profile    0.10 % (227)
AV:     G.Solid Thin Profile    7.42 % (638)

AV:     G.Fluid Thin For Mega   0.03 % (70)
AV:     G.Solid Thin For Mega   3.79 % (326)

AV:     G.Fluid Non-Convex      0.83 % (1837)
AV:     G.Solid Non-Convex     21.84 % (1877)

AV:     G.Fluid Non-Ess-Convex      0.67 % (1483)
AV:     G.Solid Non-Ess-Convex     19.46 % (1673)

FACE_A: G.Fluid          (af) 652799 (partially opened 17337)
FACE_A: G.Solid          (as) 22880 (partially opened 17048)

FACE_B: G.Total          (b)  0

FACE_W: G.Total                 37254       Brick/Bound
FACE_W: G.Fluid/Solid    (fs_g) 15854       0           
FACE_W: G.Fluid/Fluid    (ff_g) 0           0           
FACE_W: G.Solid/Solid    (ss_g) 0           0           
FACE_W: G.Fluid/Void     (fv_g) 0           0           
FACE_W: G.Fluid/External (fe_g) 21400
FACE_W: G.Solid/External (se_g) 0

AV/CV max fa count (on brick side):6
AV/CV max fw count:                6
AV/CV max fb count:                0
AV/CV max fw poly count:           55

MEMORY: Total                   68.325 MB
MEMORY: Per Brick               0.315 KB
-----------------------------------------------------------------------

-----------------------------------------------------------------------
Memory Working Set Current = 200.10 Mb, Memory Working Set Peak = 447.45 Mb
Memory Private Bytes Current = 209.68 Mb, Memory Private Bytes Peak = 474.36 Mb
Process Threads Number: 11
-----------------------------------------------------------------------
----------------------------------------------------------
BCF --> BCF.GEOMSUBDOM (bridge arrays):
MESH (0):
	Fluid Subdom Constructor: 1 subdom(s).
	Solid Subdom Constructor: 5 subdom(s).
	Net Asm Subdom Constructor: 0 subdom(s).
	GEOMSUBDOM (0): gi=0 Fluid av=222190 cv=221263 fa=652799 fb=0 fw=37254 V=5.411346e-01
	Cache data...OK
	GEOMSUBDOM (1): gi=1 Solid av=8508 cv=8508 fa=22722 fb=0 fw=15501 V=5.951377e-04
	Cache data...OK
	GEOMSUBDOM (2): gi=1 Solid av=4 cv=4 fa=4 fb=0 fw=24 V=8.558487e-15
	Cache data...OK
	GEOMSUBDOM (3): gi=1 Solid av=4 cv=4 fa=4 fb=0 fw=20 V=2.350374e-15
	Cache data...OK
	GEOMSUBDOM (4): gi=1 Solid av=64 cv=64 fa=128 fb=0 fw=189 V=5.063198e-07
	Cache data...OK
	GEOMSUBDOM (5): gi=1 Solid av=16 cv=16 fa=22 fb=0 fw=120 V=4.820866e-10
	Cache data...OK
	Setting nb of w-faces...OK (0.014 s).
	Correcting nb of w-faces...
	Time(correct_fw_nb)=0.012 s

MESH (0) checking:
	GEOMSUBDOM (0):fa_s=116.7396617765946871 fb_s=0.0000000000000000 fw_s=4.2041747466991692 fw_nb=324656
	              :d_const(67344)=6.0604e-11 d_linear(32175)=2.62867e-10
	GEOMSUBDOM (1):fa_s=0.3460258140362547 fb_s=0.0000000000000000 fw_s=0.1941666784636286 fw_nb=149346
	              :d_const(7763)=4.01593e-10 d_linear(4003)=3.55293e-09
	GEOMSUBDOM (2):fa_s=0.0000000101341915 fb_s=0.0000000000000000 fw_s=0.0000000143319341 fw_nb=312
	              :d_const(1)=8.12918e-17 d_linear(2)=3.65152e-12
	GEOMSUBDOM (3):fa_s=0.0000000042816959 fb_s=0.0000000000000000 fw_s=0.0000000060552422 fw_nb=232
	              :d_const(1)=7.65062e-17 d_linear(0)=3.37084e-11
	GEOMSUBDOM (4):fa_s=0.0005391455650603 fb_s=0.0000000000000000 fw_s=0.0008393466044186 fw_nb=1934
	              :d_const(0)=6.63475e-14 d_linear(24)=6.67894e-13
	GEOMSUBDOM (5):fa_s=0.0001067185284665 fb_s=0.0000000000000000 fw_s=0.0002132250873661 fw_nb=1656
	              :d_const(15)=1.43348e-16 d_linear(2)=6.29758e-12
MESH (0) checking: OK.
Time (MDS): 	0.364 s
----------------------------------------------------------
-----------------------------------------------------------------------
Memory Working Set Current = 281.48 Mb, Memory Working Set Peak = 447.45 Mb
Memory Private Bytes Current = 291.23 Mb, Memory Private Bytes Peak = 474.36 Mb
Process Threads Number: 11
-----------------------------------------------------------------------
Memory Status after reading BCF:
-----------------------------------------------------------------------
Memory Working Set Current = 280.04 Mb, Memory Working Set Peak = 447.45 Mb
Memory Private Bytes Current = 289.55 Mb, Memory Private Bytes Peak = 474.36 Mb
Process Threads Number: 11
-----------------------------------------------------------------------
Total read CPT took 0.97 sec.
Save msh-format to file...OK (0.176 s).
MMP (msh): locals=1, allc_sz=27.48 MB, used_sz=27.33 MB, blks-min-max=33/33
MMP (brx): locals=0, allc_sz=0.00 MB, used_sz=0.00 MB, blks-min-max=0/0
MMP (bcf): locals=4, allc_sz=101.13 MB, used_sz=97.42 MB, blks-min-max=17/50
MMP (xsl): locals=0, allc_sz=0.00 MB, used_sz=0.00 MB, blks-min-max=0/0
MESH::Bricks: Total=222117

-----------------------------------------------------------------------
Mesh dimensions:
				I[0 ]=60
				I[1 ]=70
				I[2 ]=50
Solver refinement level	I[47]=0

Comp. domain size:
				a[0  ]=-0.388153
				a[1  ]=0.444867
				a[2  ]=-0.247632
				a[3  ]=0.666768
				a[4  ]=-0.209181
				a[5  ]=0.502019
Wall thickness		a[231]=0
Gap size			a[232]=1
-----------------------------------------------------------------------
-----------------------------------------------------------------------
Preparing for calculations started at	27.3.2024	1:30:48
CD X0= -0.388152631036, X1= 0.444866843668, Y0= -0.247631501156, Y1= 0.666768498844, Z0= -0.209181139433, Z1= 0.502018860567
Update time step in solids: STATIONARY IN SOLIDS
FLUID SUBDOMAIN   0 LC =1 LAMTURB=1 NONNEWTON=0  STEAM=2  CAVITATION=0 IT=6 NT=2 NC=2 U_DIM_EXT=16

===ThermodynamicsHolder:===
Subdom 0 Real gas with phase change thermodynamics
	substance 0 type=fwRealGas, guid=934ad3cb-f018-4fd2-90be-300a7d977e00, name=Water
	substance 1 type=fwGas, guid=2B966F4A9A9F11D4A50048A0E8000000, name=Air
===ThermodynamicsHolder:===
122 parameter(s) in list of scalar parameters
7 parameter(s) in list of vector parameters
-----------------------------------------------------------------------
Loading mesh settings (global/local/SAR)...
Setting regions (222117 / 222117)...OK (0.002 s)
-----------------------------------------------------------------------

CollectIndata: Initialize stored in U[] parameters (pressure,momentum,dens,..)... OK(CPU=1.716 s)

THERMODYNAMICS: Initialize stored in U[] parameters (T,Cp,Pr,..)
                and switch to Y-shifted Total Enthalpy:
OK: U[] is initialized.

Collect Virtual Surface Sources...OK
Collect Surface Goals...
Received 0 wall face(s) and 0 virtual face(s)...
 OK
Total CPU time 9 s
Collect Unused surface area...OK
MWS estimation...
Subdomain number =   0 V_indata_max =          5, v_max_from_mf_on_BC =           0, v_max_from_pressure_opening =           0, MWS =       1.25

There is 1 subdomain in fluid:
subdomain   0: LOW COMPRESSIBLE, MONOTONIC H,  221263 CVs, LAMINAR-TURBULENT TRANSITION
NPROC = 4, nested_parallelization = 0
NPART = 4

/-----------------------------------------------------------/
SOLVER TOPOLOGY DATA:

BRICKS: |level1| sum         13531

CV:     Total               221263
CV:     Fluid               221263
CV:     Solid               0

Fluid:
CV Max Disbalance(Const):                6.0604e-11 (ncv=67344)
CV Max Disbalance(Linear):                2.62867e-10 (ncv=32175, nsd=0)
CV:     G.Fluid Thin Profile    0.10 % (213)
CV:     G.Solid Thin Profile    0.00 % (0)

CV:     G.Fluid Non-Convex      0.87 % (1924)
CV:     G.Solid Non-Convex      0.00 % (0)

FACE_A: Fluid          (af) 652799
FACE_A: Max number placed on a brick-face in cv: 6
FACE_A: Solid          (as) 22880

FACE_W: Total               37254
FACE_W: Fluid/Fluid    (ff) 0
FACE_W: Max number placed in cv: 50
/-----------------------------------------------------------/

  nsd=  0: min rho=1.19844, var Kin E=187.256
Create solver core
 MDS: Converting solver problem ...
MDS: OK
slv : Calculations at run start
slv : Create sub-domains supervisors:
slv : 	Fluid subdom 0(IMS) gsd_ind=0
slv : 	1 fluid
slv : Create sub-domains mesh connectivity supervisors:
slv : Collect slices by phenomena...
slv : 	fluid flow slices were created:	1
slv : 	heat transfer slices were created:	1
slv : 	electric current flow slices were created:	0
slv : 	radiation slices were created:	0
slv : Creating meshes proxies for multigrid...
slv : Convert MESH[0] to multigrid mesh proxy...
slv : 222117 bricks are accounted by implicit methods(100% of total)
slv : max tree bricks count = 8
alg : MG: create topological coarsening...
alg : Mesh 0  OK
slv : Building views for fluid flow...
slv : 1 views are created
slv : Building views for heat transfer...
slv : 1 views are created
slv : Building fluid flow views schemes...
slv : View   0: Implicit scheme in fluid
slv : Building heat transfer views schemes...
slv : PrecalcAtStart views for fluid flow...
=== Fluid sub-domain nsd=0 ========================
Pre-calculations at run start, Implicit Scheme:
fflow count=21400
Sub-domain is External
BC re-definition: Real Wall to Ideal Wall: 0 w-faces

MARK CVs, A-FACEs and W-FACEs WITH/NEAR GEOMETRICAL PECULIARITIES:

  FW_VERY_SMALL_AREA: very small areas detected in 596 FWs (1.59983% of all FWs, 1.59983% of FWs that are not skipped in area calculations).
  Thin slit and wedge cvs = 40 (0.018078% of all cvs, 0.141703% of partial cvs),
  Wedge cvs = 942 (0.425738% of all cvs, 3.33711% of partial cvs),
  (THRESHOLD_THIN = 0.01, THRESHOLD_ANGLE = 91.146).
  A-faces degraded to CUp_1st and Upwind_1st: 3956 (0.606991% of all a-faces)
    (by  curved & encumbered : 3956 (0.606991% of all a-faces)),
    (by  l- or r-cv is small : 0 (0% of all a-faces)),
    (by  l- or r-cv is triple: 0 (0% of all a-faces)),
    (by  l- or r-cv is bad boundary refinement: 0 (0% of all a-faces)).
    (THRESHOLD_ENCUMBERED_AREA = 0.333, THRESHOLD_ANGLE_SURFACE = 15, THRESHOLD_ANGLE_CVs = 70).
  Skip turbulence generating sources in partial cvs = 977 (0.441556% of all cvs, 3.4611% of partial cvs),    (by  presence of degraded to CUp_1st a-faces)
  Skip  P WALL APPROX  on w-faces = 7597 (20.3924% of fluid wall w-faces),
  Skip the artificial force suppressing Un (Ksi_wall) on w-faces = 2225 (5.97251% of w-faces),
  CV_BAD_GEOM_FOR_DERIVATIVES: bad CV geometry for numerical calculation of derivatives detected in partial cvs = 3584 (1.61979% of all cvs, 12.6966% of partial cvs),
    (by  presence of degraded to CUp_1st a-faces = 2545)
    (by  curvature condition = 2376),
    (by  MEGA G-TYPE condition = 124),
    (THRESHOLD_ANGLE_BAD_DERIVATIVES = 47).
  CV_FLUID_IN_SMALL_INTERNAL_ANGLE: fluid in small internal angle detected in 394 CVs (0.178069%).
  A-faces placed opposite External boundary with Symmetry BC: N_face_ns=0 (0%)
frw count=15854
(nsd = 0) Nfa = 652799, W2P A-face approximations: 19343 stored,
  basis quality levels = { 24519 (63.38%) excellent, 9356 (24.18%) very high, 2963 (7.66%) high, 1785 (4.61%) medium, 63 (0.16%) satisfactory },
  derivative traits = { [2]: 495, [5]: 654 },
  value traits = { [1]: 2, [2]: 577, [5]: 487 }.
(nsd = 0) Ncv = 221263, W2P CV approximations: 11506 stored,
  basis quality levels = { 7881 (68.49%) excellent, 2228 (19.36%) very high, 872 (7.58%) high, 504 (4.38%) medium, 21 (0.18%) satisfactory },
  gradient[X] traits = { [5]: 803 },
  gradient[Y] traits = { [5]: 844 },
  gradient[Z] traits = { [5]: 961 }.
mgl = 31 size = 221263
mgl = 30 size =  28572
mgl = 29 size =   4114
mgl = 28 size =    708

mgl = 31 size = 221263
mgl = 30 size =  28572
mgl = 29 size =   4114

mgl = 31 size = 221263
mgl = 30 size =  28572
mgl = 29 size =   4114

mgl = 31 size = 221263
mgl = 30 size =  28572
mgl = 29 size =   4114

CreateGrOperatorsPortraits: CVs with extended (3D) portrait / total CVs = 7540 / 221263 (3.408%).
mgl = 31 size = 221263
mgl = 30 size =  28572
mgl = 29 size =   4114

slv : PrecalcAtStart views for heat transfer...
Creating view scheme...
	Alg view 0 aggregates:
mgl = 31 size = 221263
mgl = 30 size =  28572
mgl = 29 size =   4114

1 heat transfer algebraic views are created
slv : PrecalcAtStart views for electric current flow...
slv : PrecalcAtStart views for radiation...
Calculate gap size: 
	Min gap size       1.000000e-05 (id=5299)
	Max gap size       6.062807e-01 (id=4179)
	Enlarged by r_d_cv 2916
GapSize time = 0.016886 s
slv : Finite volume method GLOBAL MESH METRICS:
slv : eps_const_function  [cv] = MAX_{i}{ SUM( S[f] * n[f][i] ) / SUM( |S[f] * n[f][i]| ) },
slv : eps_linear_function [cv] = | MAX_{i}{ SUM( S[f] * n[f][i] * crd[f][i] ) } - MIN_{i}{ SUM( S[f] * n[f][i] * crd[f][i] ) } | / V[cv],
slv : eps_cv_volume       [cv] = | SUM_{i}{ SUM( S[f] * n[f][i] * crd[f][i] ) } / 3 - V[cv] | / V[cv],
slv :                            where "i" is axis (x, y, z) and "f" is cv's face (of any type),
slv :                            crd[f] is coordinate of face "f" in cv-centered coordinate system, i.e. shifted by -crd[cv].
slv : 	FLUID:
slv : 		    1 GEOMSUBDOM(s):   Ncv =     221263, eps_const_function = 2.2e-10, eps_linear_function = 2.5e-10, eps_cv_volume = 1.5e-10.
slv : 	SOLID:
slv : 		    5 GEOMSUBDOM(s):   Ncv =       8596, eps_const_function = 2.9e-09, eps_linear_function = 4.6e-09, eps_cv_volume = 9.7e-10.

SDS: Re-define MWS=max(mws_sd) over fluid-flow sub-domains in view:
SDS: nsd=  0: mws(view value)=1.25                 
slv : ------------ Start of Preliminary step at Calculation start ------------
<Dynamic P> on nsd = 0 {openings (inlet / outlet)}:
  (SP = Static Pressure, EP = Environment Pressure, TP = Total Pressure, E = External)
  {#0, E, (0.000000e+00 / 1.498046e+01)}
  {#1, E, (0.000000e+00 / 1.498046e+01)}
  {#2, E, (1.498046e+01 / 0.000000e+00)}
  {#3, E, (0.000000e+00 / 1.498046e+01)}
  {#4, E, (0.000000e+00 / 1.498046e+01)}
  {#5, E, (0.000000e+00 / 1.498046e+01)}
WALL_DISTANCE: 1 algebraic views were taken from pressure algebraic views 
+------+--------+--------------+--------------+--------------+--------------+--------------+------+----+-+-+--+------+
|Name  |alg view| Initial res  | Initial resL1| Target res   | Final res    | Final res L1 |Visits|Iter|R|F|CL|Status|
|  WD  |       0|  1.879581e-06|  0.000000e+00|  1.879581e-22|  5.854164e-23|  2.424889e-09|    32| 636|2|n|29|  OK  |
nsd = 0, n_opening (External) = 0, hn_averaged = 2.4418489236678605e-02, area_of_opening = 6.5032128000000089e-01
nsd = 0, n_opening (External) = 1, hn_averaged = 2.4404356697627427e-02, area_of_opening = 6.5032128000000122e-01
nsd = 0, n_opening (External) = 2, hn_averaged = 2.3332660023449678e-02, area_of_opening = 5.9244345040925128e-01
nsd = 0, n_opening (External) = 3, hn_averaged = 2.4092725459727966e-02, area_of_opening = 5.9244345040925173e-01
nsd = 0, n_opening (External) = 4, hn_averaged = 2.3395717701353649e-02, area_of_opening = 7.6171300766903538e-01
nsd = 0, n_opening (External) = 5, hn_averaged = 2.3385099693465715e-02, area_of_opening = 7.6171300766903660e-01
slv : Fluid subdom(new) 0
slv : P static (new)                 : min(      0) = 101325               , max(      0) = 101325               
slv : Density (new)                  : min(      0) = 1.1984364353829      , max(      0) = 1.1984364353829      
slv : Velocity (new)                 : min(      0) = 5                    , max(      0) = 5                    
slv : Mach number (new)              : min(      0) = 0.014546391455284    , max(      0) = 0.014546391455284    
slv : Turbulent k (new)              : min(      0) = 3.75e-05             , max(      0) = 3.75e-05             
slv : Turbulent e (new)              : min(      0) = 3.7139416456997e-05  , max(      0) = 3.7139416456997e-05  
slv : Temperature (new)              : min(      0) = 293.2                , max(      0) = 293.2                
slv : Total enthalpy, Y-shifted (new): min(      0) = 12.500037503778      , max(      0) = 12.500037503778      
slv : ------------ End of Preliminary step at Calculation start ------------
Collecting Reference Parameters... OK

----------------------------------------------------------
BCF checking (solver)...
----------------------------------------------------------

Estimated cfld size=39.91 Mb
Writing cfld file "\\Mac\Home\Downloads\OneDrive_2024-03-27\New Design\1\cfl1397.tmp"...
store res: FILE SAVED: cfl1397.tmp. Total save cfld took 0.10 sec.
real cfld size=2.83 Mb
CPT size=8.551 MB (8966723 bytes).
CPT size=8.551 MB (8966723 bytes)
CCFLDFileManager::MergeCFLDToCPT: FILE COPIED : "\\Mac\Home\Downloads\OneDrive_2024-03-27\New Design\1\1.cpt" -> "\\Mac\Home\Downloads\OneDrive_2024-03-27\New Design\1\1.cpt.lock"
CCFLDFileManager::MergeCFLDToCPT: FILE MERGED : "\\Mac\Home\Downloads\OneDrive_2024-03-27\New Design\1\cfl1397.tmp" -> "\\Mac\Home\Downloads\OneDrive_2024-03-27\New Design\1\1.cpt.lock"
CCFLDFileManager::MergeCFLDToCPT: FILE RENAMED: "\\Mac\Home\Downloads\OneDrive_2024-03-27\New Design\1\1.cpt.lock" -> "\\Mac\Home\Downloads\OneDrive_2024-03-27\New Design\1\1.cpt"
CPT size=11.379 MB (11932189 bytes)
CCFLDFileManager::MergeCFLDToCPT: FILE REMOVED: "\\Mac\Home\Downloads\OneDrive_2024-03-27\New Design\1\cfl1397.tmp"
OK
Estimated fld size=23.90 Mb
Writing fld file "\\Mac\Home\Downloads\OneDrive_2024-03-27\New Design\1\r_000000.fld"...
**************   CHeatPathCalculator report ******************
Temperatures
	0 (Vol 0.541135; Tmin 293.2; Tav 293.2; Tmax 293.2)
Total Energy Balance [W]
	0
**************   CHeatPathCalculator report end******************
store res: FILE SAVED: r_000000.fld. Total save fld took 0.82 sec.
real fld size=8.52 Mb
CPT size=11.379 MB (11932189 bytes).
OK
Init simple interpolator... OK (0.329 sec)

Preview parameters:
	Absolute Humidity
	Density (Fluid)
	Mass Fraction of Condensate
	Pressure
	Specific Humidity
	Temperature
	Temperature (Fluid)
	Velocity
	Velocity (X)
	Velocity (Y)
	Velocity (Z)
	Mach Number
	Dynamic Pressure
	Total Pressure
	Condensate Fraction in Water
	Dynamic Viscosity
	Prandtl Number
	Relative Humidity
	Sonic Speed
	Specific Heat (Cp)
	Stagnation Density
	Absolute Total Enthalpy
	Total Temperature
	Volumetric Heat Generation Rate
	Turbulence Intensity
	Turbulence Length
	Turbulent Dissipation
	Turbulent Energy
	Turbulent Time
	Turbulent Viscosity
	Acoustic Power
	Acoustic Power Level
32 parameter(s) in preview list of parameters

Calculation started at	27.3.2024	1:31:8
Total CPU time 20 s
//-------------------------Isotermic task-------------------//
//-------------------------Fast mass flow--------------------//

================== Tstep=0 ===================
Boundary layer settings:
	Separation tau    on
	Enable 3D effects on
BL MODEL         	0
	Ignore compressibility  off
	BL on porous body  off
	Separ. tau corr factor 0
	Separ. tau kappa 0.1
	Separ. tau KV0 0.1
	Max hn for engineering models 7
	Laminar Temperature Profile Order 4
	Max Film Thickness 0
------------------------
NumerCore CHT-start settings:
	Min typical size					1
	Zero vel ht factor				0.006
	C_mju_turb_min                   0.01
	Threshold value for K-E filter   0.00814895
	C_mju                            0.09
	C_eps1                           1.44
	C_eps2                           1.92
	Sigma_k                          1
	Sigma_eps                        1.3
	Sigma_c                          0.9
	Approx mode                      2nd order
-------------
NumCoreFESSettings:
	Maximum possible Mach	0
	Turbulent Prandtl		0.9
-------------
slv : Implicit schemes in fluid settings:
slv : INPR	: rel_resid=0.00790569
slv : BACKGROUND	: rel_resid=0.00790569
slv : DVGR	: rel_resid=0.00790569
slv : MOMENTUM	: rel_resid=0.00790569
slv : CHT	: rel_resid=0.00790569
slv : Y_TD	: rel_resid=0.00790569
slv : Y_TURB	: rel_resid=0.00790569
slv : LMA	: rel_resid=0.00790569
slv : UVGI	: rel_resid=0.00790569
slv : NOx	: rel_resid=0.00790569
slv : VOL_FRAC_IM_PHASE	: rel_resid=0.00790569
slv : (null)	: rel_resid=0.00790569
slv : Disable wall motion impact into H threshold=10
slv : Relax par ring =0.05
slv : Isothermal cavitation CF corrector = 1
slv : Isothermal cavitation pseudo transient corrector = -1
slv : Isothermal cavitation forced time step in cavitated regions = -1
slv : force_free_surface_VOF = -1
slv : SLV_SINGLE_P_WALL = 1
slv : Weighted 2-Point 2nd order experimental features = 0
slv : Stationary with Outer Iterations for Non-Newton:
slv :     forced_global_timestep = -1.79769e+308
slv :     timestep_accel_initial_coeff = 0.01
slv :     timestep_accel_base = 1
slv :     timestep_accel_max_coeff = 50
slv :     timestep_accel_steps_divider = 1
slv : ---------------------------------------
------Solid settings---
Approximation mode = 2'nd order && thin_profiles && weighted_2p_2nd (selectively)
Solid temperature eps_abs scaling factor: 0.001
number dofs per absorptive face: 9
subgrid ratio: 0.500000
------------------------------
slv : Iterations settings:
slv : Max number of outer iter = 1
slv : Max number of Mass&Energy iter = 1
slv : Conservation laws tolerance residuals:
slv : 	MASS	0.005
slv : 	MOMENTUM	0.005
slv : 	ENERGY	0.005
slv : 	SPECIES	0.005
slv : 	TURBULENCE	0.005
slv : 	MASS_AFTER_CALC_RHO	0.005
slv : ---------------------------------------
slv : Scheme blocks settings:
slv : INPR	: stop_crit=residAbs_AND_residRel 
slv : BACKGROUND	: stop_crit=residAbs_AND_residRel 
slv : DVGR	: stop_crit=residAbs_AND_residRel 
slv : MOMENTUM	: stop_crit=residAbs_AND_residRel 
slv : CHT	: stop_crit=residAbs_AND_residRel 
slv : Y_TD	: stop_crit=residAbs_AND_residRel 
slv : Y_TURB	: stop_crit=residAbs_AND_residRel 
slv : LMA	: stop_crit=residAbs_AND_residRel 
slv : UVGI	: stop_crit=residAbs_AND_residRel 
slv : NOx	: stop_crit=residAbs_AND_residRel 
slv : VOL_FRAC_IM_PHASE	: stop_crit=residAbs_AND_residRel 
slv : (null)	: stop_crit=residAbs_AND_residRel 
slv : ---------------------------------------
slv : Big local tau flattener = disabled
Accuracy scale coeff =1
slv : Max Courant factor = 25
<Dynamic P> on nsd = 0 {openings (inlet / outlet)}:
  (SP = Static Pressure, EP = Environment Pressure, TP = Total Pressure, E = External)
  {#0, E, (0.000000e+00 / 1.498046e+01)}
  {#1, E, (0.000000e+00 / 1.498046e+01)}
  {#2, E, (1.498046e+01 / 0.000000e+00)}
  {#3, E, (0.000000e+00 / 1.498046e+01)}
  {#4, E, (0.000000e+00 / 1.498046e+01)}
  {#5, E, (0.000000e+00 / 1.498046e+01)}
  MWS[  0]=1.24997
tau_viscous_averaged = 1551.63 
dt(mass,momentum; nsd=  0): min dt/dtG(ncv=  31597)=1.00 , max dt/dtG(ncv= 220886)=8.4    , dtG=0.000141978
Flow alg-view 0 in phys-view 0 isn't Neumann (not Multi Phase treating)
Face Momentum (sd=  0): max value of div(mf) (cv=36602) = 5.937854e-04
Flow alg-view 0 is not Neumann (not for Phase Change + Nested Iters)
+----+----+--------------+--------------+--------------+--------------+--------------+------+----+-+-+--+------+
|Name|view| Initial res  | Initial resL1| Target res   | Final res    | Final res L1 |Visits|Iter|R|F|CL|Status|
| BG |   0|  9.987254e-05|  6.252093e-01|  1.285959e-12|  1.539236e-13|  8.280933e-05|    16|  54|1|n|29|  OK  |
Face Momentum (sd=  0): max value of div(mf) (cv=283) = 2.967596e-08
	norm_L2 of div(momentum) = 3.945616e-07.
Flow alg-view 0 in phys-view 0 isn't Neumann (not Multi Phase treating)
dt(mass,momentum; nsd=  0): min dt/dtG(ncv=  31597)=1.00 , max dt/dtG(ncv= 220886)=8.4    , dtG=0.000141978
LOG: number of a-faces with weighted approximations in 0 subdomain: 3.82047 percent
LOG: Rate of a-faces corrected to CUp1st in 0 subdomain: 0.215486 %
slv : SolveBL stage
|nsd|Real WF|NormalF|Cycle F|CriticF| EdgeF |CyclBrF|ExtParF|RWFnumSt|StLvlNum|  nfw  |  alp_U_min  |  nfw  |  alp_U_max  |  nfw  |  alp_T_min  |  nfw  |  alp_T_max  |  nfw  |  BL_s_min   |  nfw  |   BL_s_max  |
|  0|  15854|  10498|      4|    986|   4366|      0|      0|   15850|      40|   9470|0.00196138   |   7325|3.30194      |  15435|3.3353       |   6616|10595.1      |   6614|-15.3907     |   3516|-0           |
LOG nsd = 0: numb_of_convergent=9, numb_of_divergent=1
Face Momentum (sd=  0): max value of div(mf) (cv=283) = 2.967596e-08
	norm_L2 of div(momentum) = 3.945616e-07.
nsd = 0 BC: AP Inlet occurs on 9820 w-faces
dP/dn (nsd = 0): Nfw_skipped_by_dP_dn_geom_flag = 4013, Nfw_with_curvature_limiting = 1878, Nfw_skipped_by_negative_crd_n = 1190. Totals: skipped or corrected FW ratio = 19.0074%, skipped or corrected WALL AREA ratio = 9.06172%.
+----+----+----+--------------+--------------+--------------+--------------+--------------+------+----+-+-+--+------+
|Name|view| n_y| Initial res  | Initial resL1| Target res   | Final res    | Final res L1 |Visits|Iter|R|F|CL|Status|
+----+----+----+--------------+--------------+--------------+--------------+--------------+------+----+-+-+--+------+
| 3M |   0|   0|  5.639422e-04|  1.093823e+00|  1.315681e-08|  5.360273e-12|  2.670225e-05|     1|   3|0|n|28|  OK  |
Velocity (predicted):
        (local) sd   0: min(  34941)=2.8460390383341      , max(  67851)=5.1077292135421      
slv : 
slv : NUMBER OF INNER ITERATIONS = 2
slv : 
Flow alg-view 0 is not Neumann (not for Phase Change + Nested Iters)
+----+----+--------------+--------------+--------------+--------------+--------------+------+----+-+-+--+------+
|Name|view| Initial res  | Initial resL1| Target res   | Final res    | Final res L1 |Visits|Iter|R|F|CL|Status|
|DVGR|   0|  9.691698e-05|  6.468581e-01|  1.285959e-12|  5.196499e-13|  1.482475e-04|    17|  63|1|n|29|  OK  |
PRESSURE SOLVER(geom_index=  0): sum_C_dp=-1.36717e-06
Face Momentum (sd=  0): max value of div(mf) (cv=68481) = 5.463752e-08
	norm_L2 of div(momentum) = 7.268528e-07.
nsd = 0 min_dtHy = 0.000141978 (nCV =	31597 ) max_dtHy = 0.00118766 (nCV =	220886 ) 
find_heaviest_y_td (ff_view=0): result status = 1, rho_YTd_dV integrals = [<skip> 6.43818770e-01 ], selected component 1 with mass 6.43818770e-01.
(list of indices of skipped variables: 1)
+----+----+----+--------------+--------------+--------------+--------------+--------------+------+----+-+-+--+------+
|Name|view| n_y| Initial res  | Initial resL1| Target res   | Final res    | Final res L1 |Visits|Iter|R|F|CL|Status|
+----+----+----+--------------+--------------+--------------+--------------+--------------+------+----+-+-+--+------+
| y  |   0|   0|  5.632815e-36|  6.357994e-16|  5.632815e-36|  7.467708e-36|  7.586370e-16|     1|   3|0|y|29|  OK  |
slv : T_H_PREDICTOR (OK): exact / total predictions = 221263 / 221263 (100.000%), <iters> = 0, not localized roots = 0, low precision roots = 0, min / max rel_delta_Cp = -3.967882e-06 / 2.615125e-06.
+----+----+--------------+--------------+--------------+--------------+--------------+------+----+-+-+--+------+
|Name|view| Initial res  | Initial resL1| Target res   | Final res    | Final res L1 |Visits|Iter|R|F|CL|Status|
|CHT |   0|  2.787364e-08|  1.539742e-02|  1.742103e-12|  4.055167e-29|  1.283275e-12|     1|   9|0|n|29|  OK  |
nsd = 0 min_dtke = 0.000141782 (nCV =	31597 ) max_dtke = 0.00118171 (nCV =	220886 ) 
+----+----+----+--------------+--------------+--------------+--------------+--------------+------+----+-+-+--+------+
|Name|view| n_y| Initial res  | Initial resL1| Target res   | Final res    | Final res L1 |Visits|Iter|R|F|CL|Status|
+----+----+----+--------------+--------------+--------------+--------------+--------------+------+----+-+-+--+------+
|turb|   0|   0|  4.464011e-08|  2.833516e-03|  9.883202e-13|  4.501930e-22|  1.769501e-10|     1|   6|0|n|29|  OK  |
|turb|   0|   1|  2.220493e-04|  1.826173e-01|  7.528022e-11|  2.212867e-18|  1.259906e-08|     1|   6|0|n|29|  OK  |
Filter: K,E,momentum: sd =   0 isolating K from zero=    733 E from zero=   7691 E from infinity=     23
slv : Fluid subdom(new) 0
slv : P static (new)                 : min(  30221) = 99505.907847751      , max(  67424) = 102418.66934287      
slv : Density (new)                  : min(  30221) = 1.1769199734283      , max(  67424) = 1.2113269974316      
slv : Velocity (new)                 : min(  36274) = 0.0040761127748317   , max(  69134) = 10.427186549358      
slv : Mach number (new)              : min(  36274) = 1.1857368608284e-05  , max(  69134) = 0.030338193436438    
slv : Turbulent k (new)              : min(  29503) = 1e-40                , max(  67402) = 3.2768140756121      
slv : Turbulent e (new)              : min( 121925) = 1.6272707685837e-42  , max(  67402) = 937.6150315459       
slv : Temperature (new)              : min(  69134) = 293.1586902622       , max(  67930) = 293.21236233783      
slv : Total enthalpy, Y-shifted (new): min(  69044) = 12.485512302643      , max(  69134) = 12.515443701393      
slv : MASS FLUXES AT OPENINGS: MF=-3.55003, AP=3.55007
slv :   y[  0]: mass_y = 0.00469667, min y =0.00724224  (kcv=  65622), max y =0.00724224  (kcv=   1236)
slv :   y[  1]: mass_y = 0.643813, min y =0.99275776  (kcv=      0), max y =0.99275776  (kcv=      0)
slv : DvGr statistics: min alpha=0.113907(nfa=201980, geom_slice=0)
slv : +----------------------------------+------------+-------+------------+------------+
slv : |          Collector name          | Total Time | Count |  Avg Time  |  Max Time  |
slv : +----------------------------------+------------+-------+------------+------------+
slv : | Calculate_inc                    |       0.000|      0|       0.000|       0.000|
slv : | CollectEMT_Results               |       0.000|      1|       0.000|       0.000|
slv : | HeatPathCalculator_Dynamic       |       0.105|      1|       0.105|       0.105|
slv : | LiSy_make_portrait               |       0.372|     20|       0.019|       0.053|
slv : | build_sl_ordering_CHT            |       0.021|      1|       0.021|       0.021|
slv : | build_sl_ordering_MDS            |       0.080|      1|       0.080|       0.080|
slv : | build_sl_ordering_fluid          |       0.079|      1|       0.079|       0.079|
slv : | calc_Convolutions_MDS            |       0.224|      1|       0.224|       0.224|
slv : | calc_wall_dist                   |       1.410|      1|       1.410|       1.410|
slv : | create_Gr_operators_MDS          |       0.110|      1|       0.110|       0.110|
slv : | create_Gr_operators_portrait_MDS |       0.065|      1|       0.065|       0.065|
slv : | find_heaviest_y_td               |       0.005|      2|       0.003|       0.003|
slv : | init_Hy_group_MDS                |       0.140|      1|       0.140|       0.140|
slv : | perform_stage_total              |       6.778|     34|       0.199|       1.449|
slv : | precalc_at_start_MDS             |       4.934|      2|       2.467|       4.800|
slv : | solve_3M_MDS                     |       0.339|      1|       0.339|       0.339|
slv : | solve_3M_alg_MDS                 |       0.077|      1|       0.077|       0.077|
slv : | solve_BG_MDS                     |       0.239|      1|       0.239|       0.239|
slv : | solve_BG_alg_MDS                 |       0.139|      1|       0.139|       0.139|
slv : | solve_BL_MDS                     |       0.573|      1|       0.573|       0.573|
slv : | solve_CHT                        |       4.371|      1|       4.371|       4.371|
slv : | solve_CHT_MDS                    |       2.541|      1|       2.541|       2.541|
slv : | solve_CHT_alg_MDS                |       0.019|      1|       0.019|       0.019|
slv : | solve_DvGr_MDS                   |       0.653|      1|       0.653|       0.653|
slv : | solve_DvGr_alg_MDS               |       0.307|      1|       0.307|       0.307|
slv : | solve_INPR_MDS                   |       0.001|      1|       0.001|       0.001|
slv : | solve_PS+QJ                      |       0.000|      0|       0.000|       0.000|
slv : | solve_YLMA_MDS                   |       0.000|      1|       0.000|       0.000|
slv : | solve_YNOx_MDS                   |       0.000|      1|       0.000|       0.000|
slv : | solve_YTd_MDS                    |       0.159|      1|       0.159|       0.159|
slv : | solve_YTd_alg_MDS                |       0.014|      1|       0.014|       0.014|
slv : | solve_YTurb_MDS                  |       0.576|      1|       0.576|       0.576|
slv : | solve_YTurb_alg_MDS              |       0.044|      2|       0.022|       0.025|
slv : | update_BC_MDS                    |       0.000|      2|       0.000|       0.000|
slv : | update_Mf_after_DvGr             |       0.179|      1|       0.179|       0.179|
slv : | update_VelPressure_MDS           |       0.011|      1|       0.011|       0.011|
slv : +----------------------------------+------------+-------+------------+------------+
-----------------------------------------------------------------------
Memory Working Set Current = 943.73 Mb, Memory Working Set Peak = 943.73 Mb
Memory Private Bytes Current = 969.51 Mb, Memory Private Bytes Peak = 969.51 Mb
Process Threads Number: 14
-----------------------------------------------------------------------
Algebra Pool      : mem_usage = 543.25 Mb, allocated count = 1334

================== Tstep=1 ===================
<Dynamic P> on nsd = 0 {openings (inlet / outlet)}:
  (SP = Static Pressure, EP = Environment Pressure, TP = Total Pressure, E = External)
  {#0, E, (7.754196e-05 / 1.498915e+01)}
  {#1, E, (7.311976e-05 / 1.498902e+01)}
  {#2, E, (1.495774e+01 / 0.000000e+00)}
  {#3, E, (0.000000e+00 / 1.490818e+01)}
  {#4, E, (1.519591e-04 / 1.499367e+01)}
  {#5, E, (1.521206e-04 / 1.499374e+01)}
  MWS[  0]=1.24979
tau_viscous_averaged = 1549.77 
dt(mass,momentum; nsd=  0): min dt/dtG(ncv=  62579)=1.00 , max dt/dtG(ncv= 220886)=12.8   , dtG=9.24239e-05
Flow alg-view 0 in phys-view 0 isn't Neumann (not Multi Phase treating)
Face Momentum (sd=  0): max value of div(mf) (cv=13890) = 1.953322e-07
Flow alg-view 0 is not Neumann (not for Phase Change + Nested Iters)
+----+----+--------------+--------------+--------------+--------------+--------------+------+----+-+-+--+------+
|Name|view| Initial res  | Initial resL1| Target res   | Final res    | Final res L1 |Visits|Iter|R|F|CL|Status|
| BG |   0|  3.092438e-12|  1.715153e-04|  1.285959e-14|  4.270538e-15|  1.124427e-05|     8|  24|0|n|29|  OK  |
log10(resTarget_Lim / resTarget_Orig): 1.8 
Face Momentum (sd=  0): max value of div(mf) (cv=67462) = 1.211879e-08
	norm_L2 of div(momentum) = 6.535008e-08.
Flow alg-view 0 in phys-view 0 isn't Neumann (not Multi Phase treating)
LOG: number of a-faces with weighted approximations in 0 subdomain: 4.58288 percent
LOG: Rate of a-faces corrected to CUp1st in 0 subdomain: 0.219616 %
slv : SolveBL stage
|nsd|Real WF|NormalF|Cycle F|CriticF| EdgeF |CyclBrF|ExtParF|RWFnumSt|StLvlNum|  nfw  |  alp_U_min  |  nfw  |  alp_U_max  |  nfw  |  alp_T_min  |  nfw  |  alp_T_max  |  nfw  |  BL_s_min   |  nfw  |   BL_s_max  |
|  0|  15854|  11534|      4|    301|   4015|      0|      0|   15850|      66|   3087|0            |   7427|5.23624      |   7004|0.000238222  |   7878|17230.6      |   6614|-6.39571     |   3094|-0           |
LOG nsd = 0: numb_of_convergent=1, numb_of_divergent=6
Face Momentum (sd=  0): max value of div(mf) (cv=67462) = 1.211879e-08
	norm_L2 of div(momentum) = 6.535008e-08.
nsd = 0 BC: AP Inlet occurs on 9674 w-faces
+----+----+----+--------------+--------------+--------------+--------------+--------------+------+----+-+-+--+------+
|Name|view| n_y| Initial res  | Initial resL1| Target res   | Final res    | Final res L1 |Visits|Iter|R|F|CL|Status|
+----+----+----+--------------+--------------+--------------+--------------+--------------+------+----+-+-+--+------+
| 3M |   0|   0|  3.421503e-01|  1.629070e+02|  1.264591e-08|  1.002539e-15|  6.623921e-07|     2|   6|0|n|28|  OK  |
Velocity (predicted):
        (local) sd   0: min(  67304)=0.15368258965827     , max(  63255)=20.782145056869      
Flow alg-view 0 is not Neumann (not for Phase Change + Nested Iters)
+----+----+--------------+--------------+--------------+--------------+--------------+------+----+-+-+--+------+
|Name|view| Initial res  | Initial resL1| Target res   | Final res    | Final res L1 |Visits|Iter|R|F|CL|Status|
|DVGR|   0|  1.936482e-04|  1.245522e+00|  1.180834e-12|  8.593759e-13|  2.206724e-04|    17|  63|1|n|29|  OK  |
PRESSURE SOLVER(geom_index=  0): sum_C_dp=5.62858e-07
Face Momentum (sd=  0): max value of div(mf) (cv=38561) = 4.438652e-08
	norm_L2 of div(momentum) = 9.308952e-07.
nsd = 0 min_dtHy = 9.24239e-05 (nCV =	62579 ) max_dtHy = 0.00118666 (nCV =	220886 ) 
find_heaviest_y_td (ff_view=0): result status = 1, rho_YTd_dV integrals = [<skip> 6.43813330e-01 ], selected component 1 with mass 6.43813330e-01.
(list of indices of skipped variables: 1)
+----+----+----+--------------+--------------+--------------+--------------+--------------+------+----+-+-+--+------+
|Name|view| n_y| Initial res  | Initial resL1| Target res   | Final res    | Final res L1 |Visits|Iter|R|F|CL|Status|
+----+----+----+--------------+--------------+--------------+--------------+--------------+------+----+-+-+--+------+
| y  |   0|   0|  5.604096e-36|  6.246156e-16|  5.604096e-36|  7.561968e-36|  7.667848e-16|     1|   3|0|y|29|  OK  |
slv : T_H_PREDICTOR (OK): exact / total predictions = 221263 / 221263 (100.000%), <iters> = 0, not localized roots = 0, low precision roots = 0, min / max rel_delta_Cp = -2.094634e-06 / 2.176331e-06.
+----+----+--------------+--------------+--------------+--------------+--------------+------+----+-+-+--+------+
|Name|view| Initial res  | Initial resL1| Target res   | Final res    | Final res L1 |Visits|Iter|R|F|CL|Status|
|CHT |   0|  1.155540e-07|  1.771167e-02|  7.222122e-12|  2.051229e-29|  1.259617e-12|     1|   9|0|n|29|  OK  |
nsd = 0 min_dtke = 9.21897e-05 (nCV =	62579 ) max_dtke = 0.00118072 (nCV =	220886 ) 
+----+----+----+--------------+--------------+--------------+--------------+--------------+------+----+-+-+--+------+
|Name|view| n_y| Initial res  | Initial resL1| Target res   | Final res    | Final res L1 |Visits|Iter|R|F|CL|Status|
+----+----+----+--------------+--------------+--------------+--------------+--------------+------+----+-+-+--+------+
|turb|   0|   0|  4.809262e-07|  1.538608e-02|  9.354162e-13|  2.082271e-23|  5.860852e-11|     1|   6|0|n|29|  OK  |
|turb|   0|   1|  8.915354e-03|  1.112337e+00|  6.873172e-11|  2.751149e-20|  1.517390e-09|     1|   6|0|n|29|  OK  |
Filter: K,E,momentum: sd =   0 isolating K from zero=     70 E from zero=   2290 E from infinity=    593
slv : Fluid subdom(new) 0
slv : P static (new)                 : min(  30221) = 100299.44720919      , max(  67424) = 101978.12032348      
slv : Density (new)                  : min(  30221) = 1.1863055049553      , max(  67424) = 1.2061152671194      
slv : Velocity (new)                 : min(  32489) = 0.018273717511663    , max(  69045) = 9.5844927517441      
slv : Mach number (new)              : min(  32489) = 5.3159629816011e-05  , max(  69045) = 0.027885589455508    
slv : Turbulent k (new)              : min(  29383) = 1e-40                , max(  67402) = 3.2521757591614      
slv : Turbulent e (new)              : min( 121870) = 1.665567992299e-42   , max(  67402) = 926.40671916109      
slv : Temperature (new)              : min(  69045) = 293.16699534343      , max(  67930) = 293.21236233783      
slv : Total enthalpy, Y-shifted (new): min(  67529) = 12.413889877781      , max(  67447) = 12.599604133969      
slv : MASS FLUXES AT OPENINGS: MF=-3.55003, AP=3.54996
slv :   y[  0]: mass_y = 0.00469669, min y =0.00724224  (kcv= 120948), max y =0.00724224  (kcv=  77356)
slv :   y[  1]: mass_y = 0.643816, min y =0.99275776  (kcv=      0), max y =0.99275776  (kcv=      0)
slv : DvGr statistics: min alpha=0.116257(nfa=201872, geom_slice=0)
slv : +----------------------------------+------------+-------+------------+------------+
slv : |          Collector name          | Total Time | Count |  Avg Time  |  Max Time  |
slv : +----------------------------------+------------+-------+------------+------------+
slv : | Calculate_inc                    |      11.719|      1|      11.719|      11.719|
slv : | CollectEMT_Results               |       0.000|      2|       0.000|       0.000|
slv : | HeatPathCalculator_Dynamic       |       0.105|      1|       0.105|       0.105|
slv : | LiSy_make_portrait               |       0.505|     27|       0.019|       0.053|
slv : | Results_processing               |       0.406|      1|       0.406|       0.406|
slv : | build_sl_ordering_CHT            |       0.043|      2|       0.021|       0.021|
slv : | build_sl_ordering_MDS            |       0.161|      2|       0.081|       0.082|
slv : | build_sl_ordering_fluid          |       0.161|      2|       0.081|       0.082|
slv : | calc_Convolutions_MDS            |       0.452|      2|       0.226|       0.228|
slv : | calc_wall_dist                   |       1.410|      1|       1.410|       1.410|
slv : | create_Gr_operators_MDS          |       0.211|      2|       0.105|       0.110|
slv : | create_Gr_operators_portrait_MDS |       0.123|      2|       0.061|       0.065|
slv : | find_heaviest_y_td               |       0.007|      4|       0.002|       0.003|
slv : | init_Hy_group_MDS                |       0.300|      2|       0.150|       0.160|
slv : | perform_stage_total              |      10.303|     60|       0.172|       1.449|
slv : | precalc_at_start_MDS             |       4.934|      2|       2.467|       4.800|
slv : | solve_3M_MDS                     |       0.727|      2|       0.364|       0.388|
slv : | solve_3M_alg_MDS                 |       0.190|      2|       0.095|       0.114|
slv : | solve_BG_MDS                     |       0.396|      2|       0.198|       0.239|
slv : | solve_BG_alg_MDS                 |       0.206|      2|       0.103|       0.139|
slv : | solve_BL_MDS                     |       1.099|      2|       0.549|       0.573|
slv : | solve_CHT                        |       8.889|      2|       4.444|       4.518|
slv : | solve_CHT_MDS                    |       5.213|      2|       2.607|       2.672|
slv : | solve_CHT_alg_MDS                |       0.043|      2|       0.022|       0.024|
slv : | solve_DvGr_MDS                   |       1.350|      2|       0.675|       0.696|
slv : | solve_DvGr_alg_MDS               |       0.604|      2|       0.302|       0.307|
slv : | solve_INPR_MDS                   |       0.001|      1|       0.001|       0.001|
slv : | solve_PS+QJ                      |       0.000|      0|       0.000|       0.000|
slv : | solve_YLMA_MDS                   |       0.000|      2|       0.000|       0.000|
slv : | solve_YNOx_MDS                   |       0.000|      2|       0.000|       0.000|
slv : | solve_YTd_MDS                    |       0.323|      2|       0.162|       0.164|
slv : | solve_YTd_alg_MDS                |       0.027|      2|       0.014|       0.014|
slv : | solve_YTurb_MDS                  |       1.226|      2|       0.613|       0.650|
slv : | solve_YTurb_alg_MDS              |       0.087|      4|       0.022|       0.025|
slv : | update_BC_MDS                    |       0.000|      3|       0.000|       0.000|
slv : | update_Mf_after_DvGr             |       0.306|      2|       0.153|       0.179|
slv : | update_VelPressure_MDS           |       0.019|      2|       0.009|       0.011|
slv : +----------------------------------+------------+-------+------------+------------+
-----------------------------------------------------------------------
Memory Working Set Current = 953.80 Mb, Memory Working Set Peak = 953.80 Mb
Memory Private Bytes Current = 971.15 Mb, Memory Private Bytes Peak = 971.78 Mb
Process Threads Number: 16
-----------------------------------------------------------------------
Algebra Pool      : mem_usage = 543.25 Mb, allocated count = 1470

================== Tstep=2 ===================
<Dynamic P> on nsd = 0 {openings (inlet / outlet)}:
  (SP = Static Pressure, EP = Environment Pressure, TP = Total Pressure, E = External)
  {#0, E, (1.162615e-04 / 1.498959e+01)}
  {#1, E, (1.085221e-04 / 1.498928e+01)}
  {#2, E, (1.496906e+01 / 0.000000e+00)}
  {#3, E, (0.000000e+00 / 1.490924e+01)}
  {#4, E, (2.299293e-04 / 1.499385e+01)}
  {#5, E, (2.299623e-04 / 1.499385e+01)}
  MWS[  0]=1.248
tau_viscous_averaged = 1548.9 
dt(mass,momentum; nsd=  0): min dt/dtG(ncv=  62579)=1.00 , max dt/dtG(ncv= 220886)=12.5   , dtG=9.51733e-05
Flow alg-view 0 in phys-view 0 isn't Neumann (not Multi Phase treating)
Face Momentum (sd=  0): max value of div(mf) (cv=13898) = 6.066214e-07
Flow alg-view 0 is not Neumann (not for Phase Change + Nested Iters)
+----+----+--------------+--------------+--------------+--------------+--------------+------+----+-+-+--+------+
|Name|view| Initial res  | Initial resL1| Target res   | Final res    | Final res L1 |Visits|Iter|R|F|CL|Status|
| BG |   0|  2.066981e-11|  2.741188e-04|  1.180834e-14|  5.291107e-15|  1.975659e-05|     7|  21|0|n|29|  OK  |
log10(resTarget_Lim / resTarget_Orig): 1.0 
Face Momentum (sd=  0): max value of div(mf) (cv=5342) = 4.053233e-09
	norm_L2 of div(momentum) = 7.274033e-08.
Flow alg-view 0 in phys-view 0 isn't Neumann (not Multi Phase treating)
LOG: number of a-faces with weighted approximations in 0 subdomain: 4.8868 percent
LOG: Rate of a-faces corrected to CUp1st in 0 subdomain: 0.27041 %
slv : SolveBL stage
|nsd|Real WF|NormalF|Cycle F|CriticF| EdgeF |CyclBrF|ExtParF|RWFnumSt|StLvlNum|  nfw  |  alp_U_min  |  nfw  |  alp_U_max  |  nfw  |  alp_T_min  |  nfw  |  alp_T_max  |  nfw  |  BL_s_min   |  nfw  |   BL_s_max  |
|  0|  15854|  11409|      8|    176|   4251|     10|      0|   15846|      56|   3101|0            |   3927|3.7157       |   7696|0.000840776  |  17043|13983.4      |  15460|-5.47771     |   3073|0            |
LOG nsd = 0: numb_of_convergent=1, numb_of_divergent=6
Face Momentum (sd=  0): max value of div(mf) (cv=5342) = 4.053233e-09
	norm_L2 of div(momentum) = 7.274033e-08.
nsd = 0 BC: AP Inlet occurs on 9835 w-faces
+----+----+----+--------------+--------------+--------------+--------------+--------------+------+----+-+-+--+------+
|Name|view| n_y| Initial res  | Initial resL1| Target res   | Final res    | Final res L1 |Visits|Iter|R|F|CL|Status|
+----+----+----+--------------+--------------+--------------+--------------+--------------+------+----+-+-+--+------+
| 3M |   0|   0|  6.711525e-03|  1.445965e+01|  6.537966e-09|  1.489711e-10|  4.793653e-04|     1|   3|0|n|28|  OK  |
Velocity (predicted):
        (local) sd   0: min(  32194)=0.054172407630569    , max(  66497)=9.6647108293659      
Flow alg-view 0 is not Neumann (not for Phase Change + Nested Iters)
+----+----+--------------+--------------+--------------+--------------+--------------+------+----+-+-+--+------+
|Name|view| Initial res  | Initial resL1| Target res   | Final res    | Final res L1 |Visits|Iter|R|F|CL|Status|
|DVGR|   0|  4.616291e-05|  6.133906e-01|  3.112652e-13|  2.553245e-13|  3.335468e-05|    19|  81|1|n|29|  OK  |
PRESSURE SOLVER(geom_index=  0): sum_C_dp=1.57493e-07
Face Momentum (sd=  0): max value of div(mf) (cv=62063) = 5.969811e-08
	norm_L2 of div(momentum) = 5.058546e-07.
nsd = 0 min_dtHy = 9.51733e-05 (nCV =	62579 ) max_dtHy = 0.00118725 (nCV =	220886 ) 
find_heaviest_y_td (ff_view=0): result status = 1, rho_YTd_dV integrals = [<skip> 6.43816074e-01 ], selected component 1 with mass 6.43816074e-01.
(list of indices of skipped variables: 1)
+----+----+----+--------------+--------------+--------------+--------------+--------------+------+----+-+-+--+------+
|Name|view| n_y| Initial res  | Initial resL1| Target res   | Final res    | Final res L1 |Visits|Iter|R|F|CL|Status|
+----+----+----+--------------+--------------+--------------+--------------+--------------+------+----+-+-+--+------+
| y  |   0|   0|  6.099172e-36|  6.611264e-16|  6.099172e-36|  7.467512e-36|  7.629025e-16|     1|   3|0|y|29|  OK  |
slv : T_H_PREDICTOR (OK): exact / total predictions = 221263 / 221263 (100.000%), <iters> = 0, not localized roots = 0, low precision roots = 0, min / max rel_delta_Cp = -1.370975e-06 / 1.590226e-06.
+----+----+--------------+--------------+--------------+--------------+--------------+------+----+-+-+--+------+
|Name|view| Initial res  | Initial resL1| Target res   | Final res    | Final res L1 |Visits|Iter|R|F|CL|Status|
|CHT |   0|  5.396781e-08|  1.236756e-02|  3.372988e-12|  2.139792e-29|  1.262579e-12|     1|   9|0|n|29|  OK  |
nsd = 0 min_dtke = 9.49175e-05 (nCV =	62579 ) max_dtke = 0.00118131 (nCV =	220886 ) 
+----+----+----+--------------+--------------+--------------+--------------+--------------+------+----+-+-+--+------+
|Name|view| n_y| Initial res  | Initial resL1| Target res   | Final res    | Final res L1 |Visits|Iter|R|F|CL|Status|
+----+----+----+--------------+--------------+--------------+--------------+--------------+------+----+-+-+--+------+
|turb|   0|   0|  3.306929e-07|  1.266640e-02|  2.462407e-13|  9.575875e-23|  1.108135e-10|     1|   6|0|n|29|  OK  |
|turb|   0|   1|  4.522011e-03|  8.533786e-01|  9.285755e-12|  7.401794e-21|  9.390585e-10|     1|   6|0|n|29|  OK  |
Filter: K,E,momentum: sd =   0 isolating K from zero=     13 E from zero=   1767 E from infinity=    218
slv : Fluid subdom(new) 0
slv : P static (new)                 : min(  61881) = 100611.13502456      , max(  29328) = 101880.88265805      
slv : Density (new)                  : min(  61881) = 1.1899646707909      , max(  29328) = 1.2050123849245      
slv : Velocity (new)                 : min(  36454) = 0.020146569918712    , max(  69079) = 9.302017722639       
slv : Mach number (new)              : min(  36454) = 5.8608967227855e-05  , max(  69079) = 0.027063603806812    
slv : Turbulent k (new)              : min(  37927) = 1e-40                , max(  67402) = 3.1882066850618      
slv : Turbulent e (new)              : min( 121925) = 1.6271962795981e-42  , max(  67402) = 898.59235345252      
slv : Temperature (new)              : min(  69045) = 293.16699534343      , max(  67930) = 293.21236233783      
slv : Total enthalpy, Y-shifted (new): min(  63660) = 12.360925031071      , max(  68225) = 12.629849752659      
slv : MASS FLUXES AT OPENINGS: MF=-3.55003, AP=3.55003
slv :   y[  0]: mass_y = 0.00469669, min y =0.00724224  (kcv= 137445), max y =0.00724224  (kcv=  38071)
slv :   y[  1]: mass_y = 0.643817, min y =0.99275776  (kcv=      0), max y =0.99275776  (kcv=      0)
slv : DvGr statistics: min alpha=0.118225(nfa=201980, geom_slice=0)
slv : +----------------------------------+------------+-------+------------+------------+
slv : |          Collector name          | Total Time | Count |  Avg Time  |  Max Time  |
slv : +----------------------------------+------------+-------+------------+------------+
slv : | Calculate_inc                    |      23.608|      2|      11.804|      11.890|
slv : | CollectEMT_Results               |       0.000|      3|       0.000|       0.000|
slv : | HeatPathCalculator_Dynamic       |       0.105|      1|       0.105|       0.105|
slv : | LiSy_make_portrait               |       0.653|     34|       0.019|       0.053|
slv : | Results_processing               |       0.805|      2|       0.403|       0.406|
slv : | build_sl_ordering_CHT            |       0.060|      3|       0.020|       0.021|
slv : | build_sl_ordering_MDS            |       0.247|      3|       0.082|       0.086|
slv : | build_sl_ordering_fluid          |       0.247|      3|       0.082|       0.086|
slv : | calc_Convolutions_MDS            |       0.662|      3|       0.221|       0.228|
slv : | calc_wall_dist                   |       1.410|      1|       1.410|       1.410|
slv : | create_Gr_operators_MDS          |       0.313|      3|       0.104|       0.110|
slv : | create_Gr_operators_portrait_MDS |       0.178|      3|       0.059|       0.065|
slv : | find_heaviest_y_td               |       0.009|      6|       0.001|       0.003|
slv : | init_Hy_group_MDS                |       0.424|      3|       0.141|       0.160|
slv : | perform_stage_total              |      13.639|     86|       0.159|       1.449|
slv : | precalc_at_start_MDS             |       4.934|      2|       2.467|       4.800|
slv : | solve_3M_MDS                     |       1.007|      3|       0.336|       0.388|
slv : | solve_3M_alg_MDS                 |       0.227|      3|       0.076|       0.114|
slv : | solve_BG_MDS                     |       0.565|      3|       0.188|       0.239|
slv : | solve_BG_alg_MDS                 |       0.270|      3|       0.090|       0.139|
slv : | solve_BL_MDS                     |       1.605|      3|       0.535|       0.573|
slv : | solve_CHT                        |      13.265|      3|       4.422|       4.518|
slv : | solve_CHT_MDS                    |       7.775|      3|       2.592|       2.672|
slv : | solve_CHT_alg_MDS                |       0.063|      3|       0.021|       0.024|
slv : | solve_DvGr_MDS                   |       2.071|      3|       0.690|       0.721|
slv : | solve_DvGr_alg_MDS               |       0.997|      3|       0.332|       0.393|
slv : | solve_INPR_MDS                   |       0.001|      1|       0.001|       0.001|
slv : | solve_PS+QJ                      |       0.000|      0|       0.000|       0.000|
slv : | solve_YLMA_MDS                   |       0.000|      3|       0.000|       0.000|
slv : | solve_YNOx_MDS                   |       0.000|      3|       0.000|       0.000|
slv : | solve_YTd_MDS                    |       0.453|      3|       0.151|       0.164|
slv : | solve_YTd_alg_MDS                |       0.040|      3|       0.013|       0.014|
slv : | solve_YTurb_MDS                  |       1.820|      3|       0.607|       0.650|
slv : | solve_YTurb_alg_MDS              |       0.127|      6|       0.021|       0.025|
slv : | update_BC_MDS                    |       0.000|      4|       0.000|       0.000|
slv : | update_Mf_after_DvGr             |       0.417|      3|       0.139|       0.179|
slv : | update_VelPressure_MDS           |       0.026|      3|       0.009|       0.011|
slv : +----------------------------------+------------+-------+------------+------------+
-----------------------------------------------------------------------
Memory Working Set Current = 1003.60 Mb, Memory Working Set Peak = 1003.60 Mb
Memory Private Bytes Current = 996.45 Mb, Memory Private Bytes Peak = 996.45 Mb
Process Threads Number: 16
-----------------------------------------------------------------------
Algebra Pool      : mem_usage = 584.75 Mb, allocated count = 1472

================== Tstep=3 ===================
<Dynamic P> on nsd = 0 {openings (inlet / outlet)}:
  (SP = Static Pressure, EP = Environment Pressure, TP = Total Pressure, E = External)
  {#0, E, (1.025445e-04 / 1.498952e+01)}
  {#1, E, (9.589611e-05 / 1.498933e+01)}
  {#2, E, (1.497077e+01 / 0.000000e+00)}
  {#3, E, (0.000000e+00 / 1.491074e+01)}
  {#4, E, (2.036520e-04 / 1.499353e+01)}
  {#5, E, (2.039153e-04 / 1.499351e+01)}
  MWS[  0]=1.23341
tau_viscous_averaged = 1547.08 
dt(mass,momentum; nsd=  0): min dt/dtG(ncv=  66584)=1.00 , max dt/dtG(ncv= 220886)=12.3   , dtG=9.68099e-05
Flow alg-view 0 in phys-view 0 isn't Neumann (not Multi Phase treating)
Face Momentum (sd=  0): max value of div(mf) (cv=53558) = 1.848106e-07
Flow alg-view 0 is not Neumann (not for Phase Change + Nested Iters)
+----+----+--------------+--------------+--------------+--------------+--------------+------+----+-+-+--+------+
|Name|view| Initial res  | Initial resL1| Target res   | Final res    | Final res L1 |Visits|Iter|R|F|CL|Status|
| BG |   0|  1.192094e-12|  4.021801e-05|  3.112652e-15|  3.026842e-15|  5.010924e-06|     8|  24|0|n|29|  OK  |
log10(resTarget_Lim / resTarget_Orig): 1.6 
Face Momentum (sd=  0): max value of div(mf) (cv=67462) = 1.056788e-08
	norm_L2 of div(momentum) = 5.501735e-08.
Flow alg-view 0 in phys-view 0 isn't Neumann (not Multi Phase treating)
LOG: number of a-faces with weighted approximations in 0 subdomain: 4.81297 percent
LOG: Rate of a-faces corrected to CUp1st in 0 subdomain: 0.265287 %
slv : SolveBL stage
|nsd|Real WF|NormalF|Cycle F|CriticF| EdgeF |CyclBrF|ExtParF|RWFnumSt|StLvlNum|  nfw  |  alp_U_min  |  nfw  |  alp_U_max  |  nfw  |  alp_T_min  |  nfw  |  alp_T_max  |  nfw  |  BL_s_min   |  nfw  |   BL_s_max  |
|  0|  15854|  11434|      8|    175|   4237|      0|      0|   15846|      67|   3101|0            |  17334|3.31137      |   7958|0.000320156  |  17043|15394.8      |  15460|-5.38057     |   3077|0            |
LOG nsd = 0: numb_of_convergent=6, numb_of_divergent=1
Face Momentum (sd=  0): max value of div(mf) (cv=67462) = 1.056788e-08
	norm_L2 of div(momentum) = 5.501735e-08.
nsd = 0 BC: AP Inlet occurs on 9783 w-faces
+----+----+----+--------------+--------------+--------------+--------------+--------------+------+----+-+-+--+------+
|Name|view| n_y| Initial res  | Initial resL1| Target res   | Final res    | Final res L1 |Visits|Iter|R|F|CL|Status|
+----+----+----+--------------+--------------+--------------+--------------+--------------+------+----+-+-+--+------+
| 3M |   0|   0|  3.672204e-03|  7.148838e+00|  3.615558e-09|  6.911329e-11|  2.543624e-04|     1|   3|0|n|28|  OK  |
Velocity (predicted):
        (local) sd   0: min(  37561)=0.025672323410594    , max(  69079)=9.1811079352466      
Flow alg-view 0 is not Neumann (not for Phase Change + Nested Iters)
+----+----+--------------+--------------+--------------+--------------+--------------+------+----+-+-+--+------+
|Name|view| Initial res  | Initial resL1| Target res   | Final res    | Final res L1 |Visits|Iter|R|F|CL|Status|
|DVGR|   0|  2.792004e-05|  4.018907e-01|  9.700845e-14|  7.358224e-14|  1.731966e-05|    18|  72|1|n|29|  OK  |
PRESSURE SOLVER(geom_index=  0): sum_C_dp=1.31242e-07
Face Momentum (sd=  0): max value of div(mf) (cv=62063) = 3.157440e-08
	norm_L2 of div(momentum) = 2.716388e-07.
nsd = 0 min_dtHy = 9.68099e-05 (nCV =	66584 ) max_dtHy = 0.0011929 (nCV =	220886 ) 
find_heaviest_y_td (ff_view=0): result status = 1, rho_YTd_dV integrals = [<skip> 6.43816826e-01 ], selected component 1 with mass 6.43816826e-01.
(list of indices of skipped variables: 1)
+----+----+----+--------------+--------------+--------------+--------------+--------------+------+----+-+-+--+------+
|Name|view| n_y| Initial res  | Initial resL1| Target res   | Final res    | Final res L1 |Visits|Iter|R|F|CL|Status|
+----+----+----+--------------+--------------+--------------+--------------+--------------+------+----+-+-+--+------+
| y  |   0|   0|  6.416200e-36|  6.856797e-16|  6.416200e-36|  7.476599e-36|  7.626640e-16|     1|   3|0|y|29|  OK  |
slv : T_H_PREDICTOR (OK): exact / total predictions = 221263 / 221263 (100.000%), <iters> = 0, not localized roots = 0, low precision roots = 0, min / max rel_delta_Cp = -1.373004e-06 / 9.687669e-07.
+----+----+--------------+--------------+--------------+--------------+--------------+------+----+-+-+--+------+
|Name|view| Initial res  | Initial resL1| Target res   | Final res    | Final res L1 |Visits|Iter|R|F|CL|Status|
|CHT |   0|  5.560458e-08|  1.097469e-02|  3.475286e-12|  2.028540e-29|  1.254920e-12|     1|   9|0|n|29|  OK  |
nsd = 0 min_dtke = 9.34099e-05 (nCV =	69082 ) max_dtke = 0.00118691 (nCV =	220886 ) 
+----+----+----+--------------+--------------+--------------+--------------+--------------+------+----+-+-+--+------+
|Name|view| n_y| Initial res  | Initial resL1| Target res   | Final res    | Final res L1 |Visits|Iter|R|F|CL|Status|
+----+----+----+--------------+--------------+--------------+--------------+--------------+------+----+-+-+--+------+
|turb|   0|   0|  3.272554e-07|  1.291312e-02|  7.541166e-14|  6.083715e-22|  2.680209e-10|     1|   6|0|n|29|  OK  |
|turb|   0|   1|  4.248277e-03|  7.850607e-01|  1.579670e-12|  1.575277e-20|  1.696358e-09|     1|   6|0|n|29|  OK  |
Filter: K,E,momentum: sd =   0 isolating K from zero=      2 E from zero=   1595 E from infinity=    116
slv : Fluid subdom(new) 0
slv : P static (new)                 : min(  67333) = 100616.92245582      , max(  29230) = 101794.18159219      
slv : Density (new)                  : min(  67333) = 1.1900132105723      , max(  29230) = 1.20398670609        
slv : Velocity (new)                 : min(  37494) = 0.02376088891189     , max(  69045) = 9.2170072165302      
slv : Mach number (new)              : min(  37494) = 6.9124441068106e-05  , max(  69045) = 0.026816176187159    
slv : Turbulent k (new)              : min(  33868) = 1e-40                , max(  67402) = 3.1284316002679      
slv : Turbulent e (new)              : min(  33868) = 7.4225485640811e-41  , max(  67402) = 872.84372292269      
slv : Temperature (new)              : min(  69045) = 293.17032072201      , max(  67930) = 293.21236233783      
slv : Total enthalpy, Y-shifted (new): min(  63660) = 12.32124255553       , max(  63587) = 12.647897281092      
slv : MASS FLUXES AT OPENINGS: MF=-3.55003, AP=3.55003
slv :   y[  0]: mass_y = 0.0046967, min y =0.00724224  (kcv=   9696), max y =0.00724224  (kcv=  39017)
slv :   y[  1]: mass_y = 0.643818, min y =0.99275776  (kcv=      0), max y =0.99275776  (kcv=      0)
slv : DvGr statistics: min alpha=0.11839(nfa=201872, geom_slice=0)
slv : +----------------------------------+------------+-------+------------+------------+
slv : |          Collector name          | Total Time | Count |  Avg Time  |  Max Time  |
slv : +----------------------------------+------------+-------+------------+------------+
slv : | Calculate_inc                    |      34.949|      3|      11.650|      11.890|
slv : | CollectEMT_Results               |       0.000|      4|       0.000|       0.000|
slv : | HeatPathCalculator_Dynamic       |       0.105|      1|       0.105|       0.105|
slv : | LiSy_make_portrait               |       0.744|     39|       0.019|       0.053|
slv : | Results_processing               |       1.247|      3|       0.416|       0.441|
slv : | build_sl_ordering_CHT            |       0.060|      4|       0.015|       0.021|
slv : | build_sl_ordering_MDS            |       0.249|      4|       0.062|       0.086|
slv : | build_sl_ordering_fluid          |       0.249|      4|       0.062|       0.086|
slv : | calc_Convolutions_MDS            |       0.864|      4|       0.216|       0.228|
slv : | calc_wall_dist                   |       1.410|      1|       1.410|       1.410|
slv : | create_Gr_operators_MDS          |       0.418|      4|       0.104|       0.110|
slv : | create_Gr_operators_portrait_MDS |       0.235|      4|       0.059|       0.065|
slv : | find_heaviest_y_td               |       0.010|      8|       0.001|       0.003|
slv : | init_Hy_group_MDS                |       0.572|      4|       0.143|       0.160|
slv : | perform_stage_total              |      16.867|    112|       0.151|       1.449|
slv : | precalc_at_start_MDS             |       4.934|      2|       2.467|       4.800|
slv : | solve_3M_MDS                     |       1.291|      4|       0.323|       0.388|
slv : | solve_3M_alg_MDS                 |       0.266|      4|       0.066|       0.114|
slv : | solve_BG_MDS                     |       0.748|      4|       0.187|       0.239|
slv : | solve_BG_alg_MDS                 |       0.341|      4|       0.085|       0.139|
slv : | solve_BL_MDS                     |       2.109|      4|       0.527|       0.573|
slv : | solve_CHT                        |      17.958|      4|       4.489|       4.692|
slv : | solve_CHT_MDS                    |      10.737|      4|       2.684|       2.962|
slv : | solve_CHT_alg_MDS                |       0.084|      4|       0.021|       0.024|
slv : | solve_DvGr_MDS                   |       2.721|      4|       0.680|       0.721|
slv : | solve_DvGr_alg_MDS               |       1.303|      4|       0.326|       0.393|
slv : | solve_INPR_MDS                   |       0.001|      1|       0.001|       0.001|
slv : | solve_PS+QJ                      |       0.000|      0|       0.000|       0.000|
slv : | solve_YLMA_MDS                   |       0.000|      4|       0.000|       0.000|
slv : | solve_YNOx_MDS                   |       0.000|      4|       0.000|       0.000|
slv : | solve_YTd_MDS                    |       0.569|      4|       0.142|       0.164|
slv : | solve_YTd_alg_MDS                |       0.053|      4|       0.013|       0.014|
slv : | solve_YTurb_MDS                  |       2.485|      4|       0.621|       0.665|
slv : | solve_YTurb_alg_MDS              |       0.174|      8|       0.022|       0.027|
slv : | update_BC_MDS                    |       0.000|      5|       0.000|       0.000|
slv : | update_Mf_after_DvGr             |       0.525|      4|       0.131|       0.179|
slv : | update_VelPressure_MDS           |       0.034|      4|       0.009|       0.011|
slv : +----------------------------------+------------+-------+------------+------------+
-----------------------------------------------------------------------
Memory Working Set Current = 1003.73 Mb, Memory Working Set Peak = 1003.73 Mb
Memory Private Bytes Current = 996.46 Mb, Memory Private Bytes Peak = 996.46 Mb
Process Threads Number: 16
-----------------------------------------------------------------------
Algebra Pool      : mem_usage = 584.75 Mb, allocated count = 1468

================== Tstep=4 ===================
<Dynamic P> on nsd = 0 {openings (inlet / outlet)}:
  (SP = Static Pressure, EP = Environment Pressure, TP = Total Pressure, E = External)
  {#0, E, (1.016768e-04 / 1.498949e+01)}
  {#1, E, (9.475927e-05 / 1.498928e+01)}
  {#2, E, (1.497284e+01 / 0.000000e+00)}
  {#3, E, (0.000000e+00 / 1.491162e+01)}
  {#4, E, (2.015633e-04 / 1.499318e+01)}
  {#5, E, (2.018163e-04 / 1.499317e+01)}
  MWS[  0]=1.1397
tau_viscous_averaged = 1544.72 
dt(mass,momentum; nsd=  0): min dt/dtG(ncv=  62579)=1.00 , max dt/dtG(ncv= 220886)=12.4   , dtG=9.95201e-05
Flow alg-view 0 in phys-view 0 isn't Neumann (not Multi Phase treating)
Face Momentum (sd=  0): max value of div(mf) (cv=9731) = 2.402989e-07
Flow alg-view 0 is not Neumann (not for Phase Change + Nested Iters)
+----+----+--------------+--------------+--------------+--------------+--------------+------+----+-+-+--+------+
|Name|view| Initial res  | Initial resL1| Target res   | Final res    | Final res L1 |Visits|Iter|R|F|CL|Status|
| BG |   0|  4.487877e-13|  2.010458e-05|  9.700845e-16|  9.088019e-16|  2.716677e-06|     8|  24|0|n|29|  OK  |
log10(resTarget_Lim / resTarget_Orig): 1.5 
Face Momentum (sd=  0): max value of div(mf) (cv=67462) = 5.969265e-09
	norm_L2 of div(momentum) = 3.014663e-08.
Flow alg-view 0 in phys-view 0 isn't Neumann (not Multi Phase treating)
LOG: number of a-faces with weighted approximations in 0 subdomain: 4.82032 percent
LOG: Rate of a-faces corrected to CUp1st in 0 subdomain: 0.254701 %
slv : SolveBL stage
|nsd|Real WF|NormalF|Cycle F|CriticF| EdgeF |CyclBrF|ExtParF|RWFnumSt|StLvlNum|  nfw  |  alp_U_min  |  nfw  |  alp_U_max  |  nfw  |  alp_T_min  |  nfw  |  alp_T_max  |  nfw  |  BL_s_min   |  nfw  |   BL_s_max  |
|  0|  15854|  11543|      2|    181|   4128|      0|      0|   15852|      66|   3101|0            |   7321|3.30531      |   8611|0.00179797   |   6618|10595.3      |  15460|-5.28483     |   3113|0            |
LOG nsd = 0: numb_of_convergent=6, numb_of_divergent=1
Face Momentum (sd=  0): max value of div(mf) (cv=67462) = 5.969265e-09
	norm_L2 of div(momentum) = 3.014663e-08.
nsd = 0 BC: AP Inlet occurs on 9758 w-faces
+----+----+----+--------------+--------------+--------------+--------------+--------------+------+----+-+-+--+------+
|Name|view| n_y| Initial res  | Initial resL1| Target res   | Final res    | Final res L1 |Visits|Iter|R|F|CL|Status|
+----+----+----+--------------+--------------+--------------+--------------+--------------+------+----+-+-+--+------+
| 3M |   0|   0|  1.420493e-03|  5.376359e+00|  3.379516e-09|  4.637185e-11|  2.253107e-04|     1|   3|0|n|28|  OK  |
Velocity (predicted):
        (local) sd   0: min(  39098)=0.019452490610795    , max(  69045)=9.0653380908888      
Flow alg-view 0 is not Neumann (not for Phase Change + Nested Iters)
+----+----+--------------+--------------+--------------+--------------+--------------+------+----+-+-+--+------+
|Name|view| Initial res  | Initial resL1| Target res   | Final res    | Final res L1 |Visits|Iter|R|F|CL|Status|
|DVGR|   0|  1.956709e-05|  3.067801e-01|  9.986596e-14|  7.661748e-14|  1.868488e-05|    16|  54|1|n|29|  OK  |
PRESSURE SOLVER(geom_index=  0): sum_C_dp=9.40254e-08
Face Momentum (sd=  0): max value of div(mf) (cv=62054) = 3.174041e-08
	norm_L2 of div(momentum) = 2.770010e-07.
nsd = 0 min_dtHy = 9.95201e-05 (nCV =	62579 ) max_dtHy = 0.00123068 (nCV =	220886 ) 
find_heaviest_y_td (ff_view=0): result status = 1, rho_YTd_dV integrals = [<skip> 6.43817729e-01 ], selected component 1 with mass 6.43817729e-01.
(list of indices of skipped variables: 1)
+----+----+----+--------------+--------------+--------------+--------------+--------------+------+----+-+-+--+------+
|Name|view| n_y| Initial res  | Initial resL1| Target res   | Final res    | Final res L1 |Visits|Iter|R|F|CL|Status|
+----+----+----+--------------+--------------+--------------+--------------+--------------+------+----+-+-+--+------+
| y  |   0|   0|  6.452707e-36|  6.977984e-16|  6.452707e-36|  7.023475e-36|  7.421546e-16|     1|   3|0|y|29|  OK  |
slv : T_H_PREDICTOR (OK): exact / total predictions = 221263 / 221263 (100.000%), <iters> = 0, not localized roots = 0, low precision roots = 0, min / max rel_delta_Cp = -5.502726e-07 / 1.976904e-06.
+----+----+--------------+--------------+--------------+--------------+--------------+------+----+-+-+--+------+
|Name|view| Initial res  | Initial resL1| Target res   | Final res    | Final res L1 |Visits|Iter|R|F|CL|Status|
|CHT |   0|  9.378920e-08|  1.136412e-02|  5.861825e-12|  2.058033e-29|  1.236906e-12|     1|   9|0|n|29|  OK  |
nsd = 0 min_dtke = 9.41771e-05 (nCV =	69082 ) max_dtke = 0.00122431 (nCV =	220886 ) 
+----+----+----+--------------+--------------+--------------+--------------+--------------+------+----+-+-+--+------+
|Name|view| n_y| Initial res  | Initial resL1| Target res   | Final res    | Final res L1 |Visits|Iter|R|F|CL|Status|
+----+----+----+--------------+--------------+--------------+--------------+--------------+------+----+-+-+--+------+
|turb|   0|   0|  2.823486e-07|  1.231908e-02|  6.922296e-14|  3.144077e-21|  5.311771e-10|     1|   6|0|n|29|  OK  |
|turb|   0|   1|  2.738811e-03|  6.519688e-01|  1.423736e-12|  1.254001e-19|  3.519832e-09|     1|   6|0|n|29|  OK  |
Filter: K,E,momentum: sd =   0 isolating K from zero=      2 E from zero=   1484 E from infinity=     66
slv : Fluid subdom(new) 0
slv : P static (new)                 : min(  31064) = 100829.20272829      , max(  29230) = 101806.22537395      
slv : Density (new)                  : min(  31064) = 1.1925270033784      , max(  29230) = 1.2041291841487      
slv : Velocity (new)                 : min(  38817) = 0.0074233923551662   , max(  69079) = 8.9216509605685      
slv : Mach number (new)              : min(  38817) = 2.1596137372756e-05  , max(  69079) = 0.025956812957629    
slv : Turbulent k (new)              : min(  33310) = 1e-40                , max(  67402) = 3.0733953122809      
slv : Turbulent e (new)              : min(  33868) = 7.415295065417e-41   , max(  67402) = 849.31273258644      
slv : Temperature (new)              : min(  69079) = 293.17036891383      , max(  67930) = 293.21236233783      
slv : Total enthalpy, Y-shifted (new): min(  63660) = 12.292128202564      , max(  63199) = 12.681783718731      
slv : MASS FLUXES AT OPENINGS: MF=-3.55003, AP=3.55003
slv :   y[  0]: mass_y = 0.00469671, min y =0.00724224  (kcv=  33948), max y =0.00724224  (kcv=   1129)
slv :   y[  1]: mass_y = 0.643818, min y =0.99275776  (kcv=      0), max y =0.99275776  (kcv=      0)
slv : DvGr statistics: min alpha=0.118293(nfa=201980, geom_slice=0)
slv : +----------------------------------+------------+-------+------------+------------+
slv : |          Collector name          | Total Time | Count |  Avg Time  |  Max Time  |
slv : +----------------------------------+------------+-------+------------+------------+
slv : | Calculate_inc                    |      46.858|      4|      11.715|      11.910|
slv : | CollectEMT_Results               |       0.000|      5|       0.000|       0.000|
slv : | HeatPathCalculator_Dynamic       |       0.105|      1|       0.105|       0.105|
slv : | LiSy_make_portrait               |       0.838|     44|       0.019|       0.053|
slv : | Results_processing               |       1.642|      4|       0.410|       0.441|
slv : | build_sl_ordering_CHT            |       0.060|      5|       0.012|       0.021|
slv : | build_sl_ordering_MDS            |       0.251|      5|       0.050|       0.086|
slv : | build_sl_ordering_fluid          |       0.250|      5|       0.050|       0.086|
slv : | calc_Convolutions_MDS            |       1.078|      5|       0.216|       0.228|
slv : | calc_wall_dist                   |       1.410|      1|       1.410|       1.410|
slv : | create_Gr_operators_MDS          |       0.526|      5|       0.105|       0.110|
slv : | create_Gr_operators_portrait_MDS |       0.296|      5|       0.059|       0.065|
slv : | find_heaviest_y_td               |       0.011|     10|       0.001|       0.003|
slv : | init_Hy_group_MDS                |       0.727|      5|       0.145|       0.160|
slv : | perform_stage_total              |      19.992|    138|       0.145|       1.449|
slv : | precalc_at_start_MDS             |       4.934|      2|       2.467|       4.800|
slv : | solve_3M_MDS                     |       1.574|      5|       0.315|       0.388|
slv : | solve_3M_alg_MDS                 |       0.303|      5|       0.061|       0.114|
slv : | solve_BG_MDS                     |       0.921|      5|       0.184|       0.239|
slv : | solve_BG_alg_MDS                 |       0.415|      5|       0.083|       0.139|
slv : | solve_BL_MDS                     |       2.618|      5|       0.524|       0.573|
slv : | solve_CHT                        |      22.359|      5|       4.472|       4.692|
slv : | solve_CHT_MDS                    |      13.421|      5|       2.684|       2.962|
slv : | solve_CHT_alg_MDS                |       0.103|      5|       0.021|       0.024|
slv : | solve_DvGr_MDS                   |       3.303|      5|       0.661|       0.721|
slv : | solve_DvGr_alg_MDS               |       1.544|      5|       0.309|       0.393|
slv : | solve_INPR_MDS                   |       0.001|      1|       0.001|       0.001|
slv : | solve_PS+QJ                      |       0.000|      0|       0.000|       0.000|
slv : | solve_YLMA_MDS                   |       0.000|      5|       0.000|       0.000|
slv : | solve_YNOx_MDS                   |       0.000|      5|       0.000|       0.000|
slv : | solve_YTd_MDS                    |       0.720|      5|       0.144|       0.164|
slv : | solve_YTd_alg_MDS                |       0.064|      5|       0.013|       0.014|
slv : | solve_YTurb_MDS                  |       3.070|      5|       0.614|       0.665|
slv : | solve_YTurb_alg_MDS              |       0.213|     10|       0.021|       0.027|
slv : | update_BC_MDS                    |       0.000|      6|       0.000|       0.000|
slv : | update_Mf_after_DvGr             |       0.634|      5|       0.127|       0.179|
slv : | update_VelPressure_MDS           |       0.042|      5|       0.008|       0.011|
slv : +----------------------------------+------------+-------+------------+------------+
Interpolator cache: total calls 70497, optimised calls 34930 (49.5 %)
-----------------------------------------------------------------------
Memory Working Set Current = 1004.04 Mb, Memory Working Set Peak = 1004.04 Mb
Memory Private Bytes Current = 996.66 Mb, Memory Private Bytes Peak = 996.66 Mb
Process Threads Number: 17
-----------------------------------------------------------------------
Finishing without saving fld. Please wait...
/************Goal values******************/
/************End of Goal values******************/
/************	Min/Max Parameters	************/
Density (Fluid):		min = 1.192527 kg/m^3		max = 1.20207007 kg/m^3
Pressure:		min = 100793.255 Pa		max = 101663.78 Pa
Temperature (Fluid):		min = 293.170369 K		max = 293.214564 K
Velocity:		min = 0 m/s		max = 8.92165096 m/s
Velocity (X):		min = -5.05535853 m/s		max = 7.34090861 m/s
Velocity (Y):		min = -3.03984251 m/s		max = 8.22433591 m/s
Velocity (Z):		min = -4.62002423 m/s		max = 4.54570892 m/s
Mach Number:		min = 0		max = 0.025956813
/************	End of Min/Max Parameters	************/
Solver finished at	27.3.2024	1:32:9
Total CPU time 81 s
Free memory:
slv : +----------------------------------+------------+-------+------------+------------+
slv : |          Collector name          | Total Time | Count |  Avg Time  |  Max Time  |
slv : +----------------------------------+------------+-------+------------+------------+
slv : | Calculate_inc                    |      57.959|      5|      11.592|      11.910|
slv : | CollectEMT_Results               |       0.000|      6|       0.000|       0.000|
slv : | HeatPathCalculator_Dynamic       |       0.105|      1|       0.105|       0.105|
slv : | LiSy_make_portrait               |       0.838|     44|       0.019|       0.053|
slv : | Results_processing               |       2.086|      5|       0.417|       0.444|
slv : | build_sl_ordering_CHT            |       0.060|      5|       0.012|       0.021|
slv : | build_sl_ordering_MDS            |       0.251|      5|       0.050|       0.086|
slv : | build_sl_ordering_fluid          |       0.250|      5|       0.050|       0.086|
slv : | calc_Convolutions_MDS            |       1.078|      5|       0.216|       0.228|
slv : | calc_wall_dist                   |       1.410|      1|       1.410|       1.410|
slv : | create_Gr_operators_MDS          |       0.526|      5|       0.105|       0.110|
slv : | create_Gr_operators_portrait_MDS |       0.296|      5|       0.059|       0.065|
slv : | find_heaviest_y_td               |       0.011|     10|       0.001|       0.003|
slv : | init_Hy_group_MDS                |       0.727|      5|       0.145|       0.160|
slv : | perform_stage_total              |      19.992|    138|       0.145|       1.449|
slv : | precalc_at_start_MDS             |       4.934|      2|       2.467|       4.800|
slv : | solve_3M_MDS                     |       1.574|      5|       0.315|       0.388|
slv : | solve_3M_alg_MDS                 |       0.303|      5|       0.061|       0.114|
slv : | solve_BG_MDS                     |       0.921|      5|       0.184|       0.239|
slv : | solve_BG_alg_MDS                 |       0.415|      5|       0.083|       0.139|
slv : | solve_BL_MDS                     |       2.618|      5|       0.524|       0.573|
slv : | solve_CHT                        |      22.359|      5|       4.472|       4.692|
slv : | solve_CHT_MDS                    |      13.421|      5|       2.684|       2.962|
slv : | solve_CHT_alg_MDS                |       0.103|      5|       0.021|       0.024|
slv : | solve_DvGr_MDS                   |       3.303|      5|       0.661|       0.721|
slv : | solve_DvGr_alg_MDS               |       1.544|      5|       0.309|       0.393|
slv : | solve_INPR_MDS                   |       0.001|      1|       0.001|       0.001|
slv : | solve_PS+QJ                      |       0.000|      0|       0.000|       0.000|
slv : | solve_YLMA_MDS                   |       0.000|      5|       0.000|       0.000|
slv : | solve_YNOx_MDS                   |       0.000|      5|       0.000|       0.000|
slv : | solve_YTd_MDS                    |       0.720|      5|       0.144|       0.164|
slv : | solve_YTd_alg_MDS                |       0.064|      5|       0.013|       0.014|
slv : | solve_YTurb_MDS                  |       3.070|      5|       0.614|       0.665|
slv : | solve_YTurb_alg_MDS              |       0.213|     10|       0.021|       0.027|
slv : | update_BC_MDS                    |       0.000|      6|       0.000|       0.000|
slv : | update_Mf_after_DvGr             |       0.634|      5|       0.127|       0.179|
slv : | update_VelPressure_MDS           |       0.042|      5|       0.008|       0.011|
slv : +----------------------------------+------------+-------+------------+------------+
alg : 
alg :  size = 221263
alg :  build_fine_select_omega       0.020  5
alg :  build_select_pivot_nonzeros   0.008  5
alg :  build_select_vectors          0.002  5
alg :  calc_residual_LU              0.012  10
alg :  call_MG_solver                0.066  5
alg :  clean_fine_level              0.000  5
alg :  init_RB_fine_nonzeros         0.000  5
alg :  init_fine_EMT_solver          0.000  5
alg :  init_fine_level               0.030  5
alg :  mg_cycle                      0.058  5
alg :  prepare_MG                    0.030  5
alg :  run_smoothing                 0.058  5
alg :  smoother_fine                 0.052  45
alg :  solve_MG                      0.066  5
alg :  update_mg_status              0.000  5
alg : 
alg :  size = 221263
alg :  assembling_nnz_PardisoCholesky        0.001  5
alg :  assembling_portrait_PardisoCholesky   0.000  1
alg :  build_coarse_select_omega             0.001  5
alg :  build_fine_select_omega               0.008  5
alg :  build_select_pivot_nonzeros           0.075  5
alg :  build_select_vectors                  0.005  5
alg :  calc_residual_LU                      0.255  393
alg :  call_MG_solver                        1.438  5
alg :  clean_coarse_levels                   0.000  5
alg :  clean_fine_level                      0.000  5
alg :  init_RB_coarse_nonzeros               0.000  5
alg :  init_RB_fine_nonzeros                 0.000  5
alg :  init_coarse_EMT_solver                0.000  5
alg :  init_coarse_levels                    0.058  5
alg :  init_fine_EMT_solver                  0.000  5
alg :  init_fine_level                       0.088  5
alg :  mg_cycle                              1.424  10
alg :  numerical_PardisoCholesky             0.017  5
alg :  perform_prolongation                  0.043  301
alg :  perform_restriction                   0.036  301
alg :  prepare_MG                            0.088  5
alg :  run_smoothing                         1.205  388
alg :  smoother_coarse                       0.148  756
alg :  smoother_fine                         0.811  333
alg :  solve_MG                              1.438  5
alg :  solve_PardisoCholesky                 0.074  224
alg :  symbolic_PardisoCholesky              0.015  1
alg :  update_mg_status                      0.004  612
alg : 
alg :  size = 221263
alg :  assembling_nnz_PardisoCholesky        0.003  6
alg :  assembling_portrait_PardisoCholesky   0.002  1
alg :  build_coarse_select_omega             0.002  6
alg :  build_fine_select_omega               0.008  6
alg :  build_select_pivot_nonzeros           0.009  6
alg :  build_select_vectors                  0.003  6
alg :  calc_residual_LU                      0.146  346
alg :  call_MG_solver                        1.674  6
alg :  clean_coarse_levels                   0.000  6
alg :  clean_fine_level                      0.000  6
alg :  init_RB_coarse_nonzeros               0.000  6
alg :  init_RB_fine_nonzeros                 0.000  6
alg :  init_coarse_EMT_solver                0.000  6
alg :  init_coarse_levels                    0.253  6
alg :  init_fine_EMT_solver                  0.000  6
alg :  init_fine_level                       0.021  6
alg :  mg_cycle                              1.662  9
alg :  numerical_PardisoCholesky             0.056  6
alg :  perform_prolongation                  0.039  261
alg :  perform_restriction                   0.030  261
alg :  prepare_MG                            0.021  6
alg :  run_smoothing                         1.265  340
alg :  smoother_coarse                       0.383  2025
alg :  smoother_fine                         0.736  783
alg :  solve_MG                              1.674  6
alg :  solve_PardisoCholesky                 0.068  191
alg :  symbolic_PardisoCholesky              0.180  1
alg :  update_mg_status                      0.003  531
alg : 
alg :  size = 221263
alg :  build_fine_select_omega       0.045  10
alg :  build_select_pivot_nonzeros   0.025  10
alg :  build_select_vectors          0.004  10
alg :  calc_residual_LU              0.029  20
alg :  call_MG_solver                0.122  10
alg :  clean_fine_level              0.000  10
alg :  init_RB_fine_nonzeros         0.000  10
alg :  init_fine_EMT_solver          0.000  10
alg :  init_fine_level               0.075  10
alg :  mg_cycle                      0.104  10
alg :  prepare_MG                    0.075  10
alg :  run_smoothing                 0.104  10
alg :  smoother_fine                 0.090  60
alg :  solve_MG                      0.122  10
alg :  update_mg_status              0.000  10
alg : 
alg :  size = 221263
alg :  build_fine_select_omega       0.021  5
alg :  build_select_pivot_nonzeros   0.007  5
alg :  build_select_vectors          0.002  5
alg :  calc_residual_LU              0.011  10
alg :  call_MG_solver                0.027  5
alg :  clean_fine_level              0.000  5
alg :  init_RB_fine_nonzeros         0.000  5
alg :  init_fine_EMT_solver          0.000  5
alg :  init_fine_level               0.030  5
alg :  mg_cycle                      0.020  5
alg :  prepare_MG                    0.030  5
alg :  run_smoothing                 0.020  5
alg :  smoother_fine                 0.015  15
alg :  solve_MG                      0.027  5
alg :  update_mg_status              0.000  5
alg : 
alg :  size = 221263
alg :  assembling_nnz_PardisoLU        0.002  1
alg :  assembling_portrait_PardisoLU   0.002  1
alg :  build_coarse_select_omega       0.003  1
alg :  build_fine_select_omega         0.071  6
alg :  build_select_pivot_nonzeros     0.037  5
alg :  build_select_vectors            0.003  5
alg :  calc_residual_LU                0.056  15
alg :  call_MG_solver                  0.173  5
alg :  clean_coarse_levels             0.000  1
alg :  clean_fine_level                0.000  5
alg :  init_RB_coarse_nonzeros         0.000  1
alg :  init_RB_fine_nonzeros           0.000  5
alg :  init_coarse_EMT_solver          0.000  1
alg :  init_coarse_levels              0.047  1
alg :  init_fine_EMT_solver            0.000  5
alg :  init_fine_level                 0.100  5
alg :  mg_cycle                        0.145  5
alg :  numerical_PardisoLU             0.008  1
alg :  perform_prolongation            0.002  3
alg :  perform_restriction             0.001  3
alg :  prepare_MG                      0.100  5
alg :  run_smoothing                   0.086  10
alg :  smoother_coarse                 0.002  6
alg :  smoother_fine                   0.053  18
alg :  solve_MG                        0.173  5
alg :  solve_PardisoLU                 0.008  1
alg :  symbolic_PardisoLU              0.015  1
alg :  update_mg_status                0.000  11
-----------------------------------------------------------------------
Start to free mesher data...
MMP (msh): locals=1, allc_sz=27.48 MB, used_sz=27.33 MB, blks-min-max=33/33
MMP (brx): locals=0, allc_sz=0.00 MB, used_sz=0.00 MB, blks-min-max=0/0
MMP (bcf): locals=4, allc_sz=101.13 MB, used_sz=97.42 MB, blks-min-max=17/50
MMP (xsl): locals=0, allc_sz=0.00 MB, used_sz=0.00 MB, blks-min-max=0/0
Free xsl...            OK	Time=0.001 s
Free ray collector...  OK	Time=0.000 s
Free ray intersector...OK	Time=0.000 s
Free body sets...      OK	Time=0.000 s
Free Geometry DB takes 0.000 s
Free mesh conn...      OK	Time=0.000 s
Free geomsd...         OK	Time=0.001 s
Free mbricks...        OK	Time=0.001 s
Free hash info...      OK	Time=0.000 s
Free bricks-x...       OK	Time=0.000 s
Free bcf...            OK	Time=0.007 s
Free mesh h...         OK	Time=0.000 s
Free bricks arr..      OK	Time=0.000 s
Free bricks tree...    OK	Time=0.000 s
Free mesh pools...     OK	Time=0.006 s
Free bodies mapper...  OK	Time=0.001 s
Free geom crits...     OK	Time=0.000 s
Free cpt regions...    OK	Time=0.000 s
Free peculiar surfs... OK	Time=0.000 s
Free sw-geometries...  OK	Time=0.000 s
Total free mesher data time: 0.020 s
-----------------------------------------------------------------------
Free memory: OK (0.070 s)
-----------------------------------------------------------------------
Memory Working Set Current = 703.07 Mb, Memory Working Set Peak = 1004.17 Mb
Memory Private Bytes Current = 676.92 Mb, Memory Private Bytes Peak = 997.66 Mb
Process Threads Number: 14
Process Threads Number Peak: 16
-----------------------------------------------------------------------
Free memory:
-----------------------------------------------------------------------
Start to free mesher data...
MMP (msh): locals=0, allc_sz=0.00 MB, used_sz=0.00 MB, blks-min-max=0/0
MMP (brx): locals=0, allc_sz=0.00 MB, used_sz=0.00 MB, blks-min-max=0/0
MMP (bcf): locals=0, allc_sz=0.00 MB, used_sz=0.00 MB, blks-min-max=0/0
MMP (xsl): locals=0, allc_sz=0.00 MB, used_sz=0.00 MB, blks-min-max=0/0
Free xsl...            OK	Time=0.000 s
Free ray collector...  OK	Time=0.000 s
Free ray intersector...OK	Time=0.000 s
Free body sets...      OK	Time=0.000 s
Free Geometry DB takes 0.000 s
Free mesh conn...      OK	Time=0.000 s
Free geomsd...         OK	Time=0.000 s
Free mbricks...        OK	Time=0.000 s
Free hash info...      OK	Time=0.000 s
Free bricks-x...       OK	Time=0.000 s
Free mesh h...         OK	Time=0.000 s
Free bricks arr..      OK	Time=0.000 s
Free bricks tree...    OK	Time=0.000 s
Free mesh pools...     OK	Time=0.000 s
Free bodies mapper...  OK	Time=0.000 s
Free geom crits...     OK	Time=0.000 s
Free cpt regions...    OK	Time=0.000 s
Free peculiar surfs... OK	Time=0.000 s
Free sw-geometries...  OK	Time=0.000 s
Total free mesher data time: 0.002 s
-----------------------------------------------------------------------
Free memory: OK (0.003 s)
-----------------------------------------------------------------------
Memory Working Set Current = 703.08 Mb, Memory Working Set Peak = 1004.17 Mb
Memory Private Bytes Current = 679.39 Mb, Memory Private Bytes Peak = 997.66 Mb
Process Threads Number: 14
Process Threads Number Peak: 16
-----------------------------------------------------------------------
Algebra Pool      : mem_usage = 584.75 Mb, allocated count = 0
finished solver summary thread
Log ended at 27.03.2024	01:32:09
